TN:
SF:src/App.jsx
FN:25,LayoutWrapper
FN:26,(anonymous_1)
FN:28,(anonymous_2)
FN:34,(anonymous_3)
FN:41,(anonymous_4)
FN:53,App
FNF:6
FNH:0
FNDA:0,LayoutWrapper
FNDA:0,(anonymous_1)
FNDA:0,(anonymous_2)
FNDA:0,(anonymous_3)
FNDA:0,(anonymous_4)
FNDA:0,App
DA:26,0
DA:28,0
DA:29,0
DA:33,0
DA:34,0
DA:35,0
DA:36,0
DA:37,0
DA:40,0
DA:41,0
DA:44,0
DA:54,0
LF:12
LH:0
BRDA:35,0,0,0
BRDA:35,0,1,0
BRDA:35,1,0,0
BRDA:35,1,1,0
BRF:4
BRH:0
end_of_record
TN:
SF:src/components/ErrorBoundary.jsx
FN:5,(anonymous_0)
FN:10,(anonymous_1)
FN:14,(anonymous_2)
FN:18,(anonymous_3)
FN:35,(anonymous_4)
FNF:5
FNH:0
FNDA:0,(anonymous_0)
FNDA:0,(anonymous_1)
FNDA:0,(anonymous_2)
FNDA:0,(anonymous_3)
FNDA:0,(anonymous_4)
DA:6,0
DA:7,0
DA:11,0
DA:15,0
DA:19,0
DA:21,0
DA:24,0
DA:35,0
DA:44,0
DA:45,0
DA:52,0
LF:11
LH:0
BRDA:19,0,0,0
BRDA:19,0,1,0
BRDA:21,1,0,0
BRDA:21,2,0,0
BRDA:31,3,0,0
BRDA:31,3,1,0
BRDA:44,4,0,0
BRDA:44,4,1,0
BRF:8
BRH:0
end_of_record
TN:
SF:src/components/layout/Header.jsx
FN:19,getTitle
FN:20,(anonymous_1)
FN:26,formatDate
FN:32,Header
FN:37,(anonymous_4)
FN:40,toggleDropdown
FN:41,(anonymous_6)
FN:71,(anonymous_7)
FN:75,(anonymous_8)
FN:83,(anonymous_9)
FNF:10
FNH:9
FNDA:15,getTitle
FNDA:24,(anonymous_1)
FNDA:15,formatDate
FNDA:15,Header
FNDA:17,(anonymous_4)
FNDA:4,toggleDropdown
FNDA:4,(anonymous_6)
FNDA:0,(anonymous_7)
FNDA:1,(anonymous_8)
FNDA:2,(anonymous_9)
DA:6,1
DA:20,15
DA:21,24
DA:23,15
DA:27,15
DA:33,15
DA:34,15
DA:35,15
DA:37,17
DA:38,15
DA:41,4
DA:42,4
DA:45,15
DA:71,0
DA:75,1
DA:84,2
LF:16
LH:15
BRDA:21,0,0,24
BRDA:21,0,1,10
BRDA:23,1,0,14
BRDA:23,1,1,1
BRDA:42,2,0,2
BRDA:42,2,1,2
BRDA:42,3,0,4
BRDA:42,3,1,4
BRDA:46,4,0,0
BRDA:46,4,1,15
BRDA:62,5,0,15
BRDA:62,5,1,6
BRDA:64,6,0,1
BRDA:64,6,1,5
BRDA:69,7,0,15
BRDA:69,7,1,4
BRDA:80,8,0,2
BRDA:80,8,1,2
BRDA:84,9,0,0
BRDA:84,9,1,2
BRDA:85,10,0,2
BRDA:85,10,1,0
BRDA:85,10,2,0
BRDA:86,11,0,2
BRDA:86,11,1,1
BRF:25
BRH:21
end_of_record
TN:
SF:src/components/layout/Layout.jsx
FN:5,Layout
FN:7,(anonymous_1)
FN:11,(anonymous_2)
FN:13,handleResize
FN:15,(anonymous_4)
FN:20,(anonymous_5)
FN:30,(anonymous_6)
FN:30,(anonymous_7)
FNF:8
FNH:0
FNDA:0,Layout
FNDA:0,(anonymous_1)
FNDA:0,(anonymous_2)
FNDA:0,handleResize
FNDA:0,(anonymous_4)
FNDA:0,(anonymous_5)
FNDA:0,(anonymous_6)
FNDA:0,(anonymous_7)
DA:7,0
DA:8,0
DA:11,0
DA:14,0
DA:15,0
DA:16,0
DA:19,0
DA:20,0
DA:21,0
DA:22,0
DA:26,0
DA:30,0
LF:12
LH:0
BRDA:16,0,0,0
BRDA:16,0,1,0
BRDA:35,1,0,0
BRDA:35,1,1,0
BRF:4
BRH:0
end_of_record
TN:
SF:src/components/layout/Sidebar.jsx
FN:6,Sidebar
FN:7,(anonymous_1)
FN:11,(anonymous_2)
FN:13,(anonymous_3)
FN:16,goHome
FN:58,(anonymous_5)
FNF:6
FNH:3
FNDA:7,Sidebar
FNDA:0,(anonymous_1)
FNDA:56,(anonymous_2)
FNDA:0,(anonymous_3)
FNDA:0,goHome
FNDA:105,(anonymous_5)
DA:7,7
DA:8,7
DA:9,7
DA:11,56
DA:12,7
DA:13,0
DA:17,0
DA:20,7
DA:59,105
DA:60,105
DA:61,105
LF:11
LH:9
BRDA:12,0,0,0
BRDA:12,0,1,7
BRDA:23,1,0,2
BRDA:23,1,1,5
BRDA:30,2,0,2
BRDA:30,2,1,5
BRDA:35,3,0,7
BRDA:35,3,1,5
BRDA:41,4,0,7
BRDA:41,4,1,0
BRDA:44,5,0,0
BRDA:44,5,1,0
BRDA:46,6,0,0
BRDA:46,6,1,0
BRDA:49,7,0,0
BRDA:49,7,1,0
BRDA:60,8,0,105
BRDA:60,8,1,98
BRDA:65,9,0,30
BRDA:65,9,1,75
BRDA:67,10,0,30
BRDA:67,10,1,75
BRDA:69,11,0,7
BRDA:69,11,1,98
BRDA:74,12,0,7
BRDA:74,12,1,98
BRDA:75,13,0,105
BRDA:75,13,1,75
BRDA:87,14,0,2
BRDA:87,14,1,5
BRDA:89,15,0,2
BRDA:89,15,1,5
BRDA:93,16,0,7
BRDA:93,16,1,5
BRDA:98,17,0,2
BRDA:98,17,1,5
BRDA:100,18,0,2
BRDA:100,18,1,5
BRDA:103,19,0,2
BRDA:103,19,1,5
BRF:40
BRH:32
end_of_record
TN:
SF:src/components/ui/ConfirmModal.jsx
FN:21,ConfirmModal
FNF:1
FNH:1
FNDA:14,ConfirmModal
DA:36,14
LF:1
LH:1
BRDA:28,0,0,14
BRDA:29,1,0,14
BRDA:30,2,0,14
BRDA:31,3,0,14
BRDA:32,4,0,14
BRDA:33,5,0,14
BRDA:34,6,0,14
BRDA:45,7,0,2
BRDA:45,7,1,12
BRDA:56,8,0,14
BRDA:56,8,1,1
BRDA:57,9,0,14
BRDA:57,9,1,1
BRF:13
BRH:13
end_of_record
TN:
SF:src/components/ui/Modal.jsx
FN:4,Modal
FN:6,(anonymous_1)
FN:8,handleKey
FN:12,(anonymous_3)
FN:16,(anonymous_4)
FN:22,(anonymous_5)
FNF:6
FNH:6
FNDA:36,Modal
FNDA:36,(anonymous_1)
FNDA:3,handleKey
FNDA:27,(anonymous_3)
FNDA:36,(anonymous_4)
FNDA:36,(anonymous_5)
DA:6,36
DA:7,36
DA:9,3
DA:11,27
DA:12,27
DA:16,36
DA:17,36
DA:18,27
DA:20,9
DA:22,36
DA:25,36
DA:27,27
LF:12
LH:12
BRDA:7,0,0,9
BRDA:7,0,1,27
BRDA:9,1,0,2
BRDA:9,1,1,1
BRDA:17,2,0,27
BRDA:17,2,1,9
BRDA:25,3,0,9
BRDA:25,3,1,27
BRDA:61,4,0,27
BRDA:61,4,1,15
BRF:10
BRH:10
end_of_record
TN:
SF:src/components/ui/PriorityBadge.jsx
FN:7,PriorityBadge
FNF:1
FNH:1
FNDA:11,PriorityBadge
DA:1,1
DA:8,11
DA:9,11
LF:3
LH:3
BRDA:8,0,0,11
BRDA:8,0,1,1
BRF:2
BRH:2
end_of_record
TN:
SF:src/components/ui/ProgressBar.jsx
FN:2,ProgressBar
FNF:1
FNH:1
FNDA:9,ProgressBar
DA:3,9
DA:5,9
DA:8,9
LF:3
LH:3
BRDA:5,0,0,2
BRDA:5,0,1,7
BRDA:6,1,0,3
BRDA:6,1,1,4
BRF:4
BRH:4
end_of_record
TN:
SF:src/components/ui/SearchInput.jsx
FN:7,SearchInput
FN:15,(anonymous_1)
FN:20,(anonymous_2)
FNF:3
FNH:3
FNDA:8,SearchInput
FNDA:1,(anonymous_1)
FNDA:1,(anonymous_2)
DA:8,8
DA:15,1
DA:20,1
LF:3
LH:3
BRDA:7,0,0,8
BRDA:17,1,0,8
BRDA:17,1,1,3
BRF:3
BRH:3
end_of_record
TN:
SF:src/components/ui/StatCard.jsx
FN:8,StatCard
FNF:1
FNH:1
FNDA:81,StatCard
DA:1,3
DA:9,81
DA:10,81
DA:12,81
LF:4
LH:4
BRDA:8,0,0,81
BRDA:9,1,0,81
BRDA:9,1,1,1
BRDA:10,2,0,81
BRDA:10,2,1,3
BRDA:14,3,0,81
BRDA:14,3,1,75
BRDA:22,4,0,81
BRDA:22,4,1,3
BRDA:23,5,0,1
BRDA:23,5,1,2
BRF:11
BRH:11
end_of_record
TN:
SF:src/components/ui/StatusBadge.jsx
FN:3,StatusBadge
FNF:1
FNH:1
FNDA:30,StatusBadge
DA:4,30
DA:5,30
DA:6,30
LF:3
LH:3
BRDA:4,0,0,30
BRDA:4,0,1,2
BRDA:5,1,0,30
BRDA:5,1,1,2
BRF:4
BRH:4
end_of_record
TN:
SF:src/components/ui/Table.jsx
FN:1,Table
FN:7,(anonymous_1)
FN:28,(anonymous_2)
FN:31,(anonymous_3)
FN:36,(anonymous_4)
FNF:5
FNH:0
FNDA:0,Table
FNDA:0,(anonymous_1)
FNDA:0,(anonymous_2)
FNDA:0,(anonymous_3)
FNDA:0,(anonymous_4)
DA:2,0
DA:8,0
DA:29,0
DA:31,0
DA:37,0
LF:5
LH:0
BRDA:1,0,0,0
BRDA:1,1,0,0
BRDA:18,2,0,0
BRDA:18,2,1,0
BRDA:31,3,0,0
BRDA:31,3,1,0
BRDA:33,4,0,0
BRDA:33,4,1,0
BRDA:38,5,0,0
BRDA:38,5,1,0
BRDA:38,6,0,0
BRDA:38,6,1,0
BRDA:30,7,0,0
BRDA:30,7,1,0
BRF:14
BRH:0
end_of_record
TN:
SF:src/components/ui/Tabs.jsx
FN:8,Tab
FNF:1
FNH:1
FNDA:10,Tab
DA:9,10
LF:1
LH:1
BRDA:13,0,0,2
BRDA:13,0,1,8
BRDA:19,1,0,10
BRDA:19,1,1,4
BRDA:21,2,0,1
BRDA:21,2,1,3
BRF:6
BRH:6
end_of_record
TN:
SF:src/constants/services.js
FNF:0
FNH:0
DA:2,0
DA:5,0
LF:2
LH:0
BRF:0
BRH:0
end_of_record
TN:
SF:src/constants/statuses.js
FNF:0
FNH:0
DA:4,8
DA:27,8
LF:2
LH:2
BRF:0
BRH:0
end_of_record
TN:
SF:src/data/mockData.js
FN:498,(anonymous_0)
FNF:1
FNH:1
FNDA:10,(anonymous_0)
DA:3,6
DA:5,6
DA:16,6
DA:27,6
DA:38,6
DA:46,6
DA:135,6
DA:137,6
DA:139,6
DA:162,6
DA:226,6
DA:233,6
DA:334,6
DA:379,6
DA:414,6
DA:449,6
DA:457,6
DA:490,6
DA:498,6
DA:499,10
LF:20
LH:20
BRF:0
BRH:0
end_of_record
TN:
SF:src/data/services.js
FNF:0
FNH:0
DA:8,2
DA:26,2
LF:2
LH:2
BRF:0
BRH:0
end_of_record
TN:
SF:src/hooks/useModalState.js
FN:7,useAddModal
FN:14,(anonymous_1)
FN:20,(anonymous_2)
FN:23,(anonymous_3)
FN:24,(anonymous_4)
FN:25,(anonymous_5)
FN:35,useEditModal
FN:47,(anonymous_7)
FN:54,(anonymous_8)
FN:61,(anonymous_9)
FN:63,(anonymous_10)
FN:64,(anonymous_11)
FN:65,(anonymous_12)
FN:74,useDeleteModal
FN:79,(anonymous_14)
FN:80,(anonymous_15)
FNF:16
FNH:16
FNDA:15,useAddModal
FNDA:2,(anonymous_1)
FNDA:1,(anonymous_2)
FNDA:2,(anonymous_3)
FNDA:2,(anonymous_4)
FNDA:2,(anonymous_5)
FNDA:17,useEditModal
FNDA:6,(anonymous_7)
FNDA:10,(anonymous_8)
FNDA:1,(anonymous_9)
FNDA:1,(anonymous_10)
FNDA:1,(anonymous_11)
FNDA:1,(anonymous_12)
FNDA:10,useDeleteModal
FNDA:2,(anonymous_14)
FNDA:1,(anonymous_15)
DA:8,15
DA:9,15
DA:10,15
DA:11,15
DA:12,15
DA:14,15
DA:15,2
DA:16,2
DA:17,2
DA:18,2
DA:20,15
DA:23,15
DA:24,2
DA:25,2
DA:28,15
DA:36,17
DA:37,17
DA:38,17
DA:39,17
DA:40,17
DA:47,17
DA:48,6
DA:49,6
DA:50,1
DA:52,5
DA:54,10
DA:58,6
DA:59,6
DA:61,17
DA:63,17
DA:64,1
DA:65,1
DA:68,17
DA:75,10
DA:76,10
DA:77,10
DA:79,10
DA:80,10
DA:82,10
LF:39
LH:39
BRDA:49,0,0,1
BRDA:49,0,1,5
BRDA:54,1,0,8
BRDA:54,1,1,2
BRDA:54,2,0,10
BRDA:54,2,1,9
BRF:6
BRH:6
end_of_record
TN:
SF:src/pages/Dashboard.jsx
FN:15,SectionTitle
FN:20,buildContractDynamics
FN:23,(anonymous_2)
FN:32,(anonymous_3)
FN:32,(anonymous_4)
FN:38,ContractDynamicsChart
FN:39,(anonymous_6)
FN:67,Dashboard
FN:73,(anonymous_8)
FN:73,(anonymous_9)
FN:74,(anonymous_10)
FN:74,(anonymous_11)
FN:75,(anonymous_12)
FN:76,(anonymous_13)
FN:76,(anonymous_14)
FN:79,(anonymous_15)
FN:79,(anonymous_16)
FN:81,(anonymous_17)
FN:81,(anonymous_18)
FN:82,(anonymous_19)
FN:82,(anonymous_20)
FN:83,(anonymous_21)
FN:83,(anonymous_22)
FN:85,(anonymous_23)
FN:86,(anonymous_24)
FN:87,(anonymous_25)
FN:87,(anonymous_26)
FN:89,(anonymous_27)
FN:91,(anonymous_28)
FN:92,(anonymous_29)
FN:154,(anonymous_30)
FN:155,(anonymous_31)
FN:184,(anonymous_32)
FN:185,(anonymous_33)
FN:186,(anonymous_34)
FN:225,(anonymous_35)
FNF:36
FNH:30
FNDA:31,SectionTitle
FNDA:10,buildContractDynamics
FNDA:7,(anonymous_2)
FNDA:2,(anonymous_3)
FNDA:6,(anonymous_4)
FNDA:10,ContractDynamicsChart
FNDA:10,(anonymous_6)
FNDA:10,Dashboard
FNDA:10,(anonymous_8)
FNDA:7,(anonymous_9)
FNDA:10,(anonymous_10)
FNDA:2,(anonymous_11)
FNDA:10,(anonymous_12)
FNDA:2,(anonymous_13)
FNDA:2,(anonymous_14)
FNDA:10,(anonymous_15)
FNDA:2,(anonymous_16)
FNDA:10,(anonymous_17)
FNDA:4,(anonymous_18)
FNDA:10,(anonymous_19)
FNDA:4,(anonymous_20)
FNDA:10,(anonymous_21)
FNDA:4,(anonymous_22)
FNDA:10,(anonymous_23)
FNDA:10,(anonymous_24)
FNDA:10,(anonymous_25)
FNDA:0,(anonymous_26)
FNDA:10,(anonymous_27)
FNDA:7,(anonymous_28)
FNDA:2,(anonymous_29)
FNDA:1,(anonymous_30)
FNDA:0,(anonymous_31)
FNDA:0,(anonymous_32)
FNDA:0,(anonymous_33)
FNDA:0,(anonymous_34)
FNDA:0,(anonymous_35)
DA:16,31
DA:22,10
DA:23,10
DA:24,7
DA:25,7
DA:26,7
DA:27,7
DA:28,7
DA:29,2
DA:30,1
DA:32,10
DA:39,10
DA:41,10
DA:42,6
DA:49,4
DA:70,10
DA:73,10
DA:74,10
DA:75,10
DA:76,10
DA:79,10
DA:81,10
DA:82,10
DA:83,10
DA:85,10
DA:86,10
DA:87,10
DA:89,10
DA:90,10
DA:91,10
DA:92,7
DA:93,2
DA:96,10
DA:99,10
DA:105,10
DA:155,1
DA:156,1
DA:185,0
DA:186,0
DA:187,0
DA:226,0
DA:227,0
DA:228,0
LF:43
LH:37
BRDA:24,0,0,0
BRDA:24,0,1,7
BRDA:26,1,0,6
BRDA:26,1,1,1
BRDA:28,2,0,5
BRDA:28,2,1,2
BRDA:29,3,0,1
BRDA:29,3,1,1
BRDA:30,4,0,0
BRDA:30,4,1,1
BRDA:41,5,0,6
BRDA:41,5,1,4
BRDA:92,6,0,7
BRDA:92,6,1,0
BRDA:93,7,0,1
BRDA:93,7,1,1
BRDA:150,8,0,10
BRDA:150,8,1,1
BRDA:162,9,0,1
BRDA:162,9,1,0
BRDA:165,10,0,1
BRDA:165,10,1,0
BRDA:182,11,0,10
BRDA:182,11,1,0
BRDA:189,12,0,0
BRDA:189,12,1,0
BRDA:193,13,0,0
BRDA:193,13,1,0
BRDA:194,14,0,0
BRDA:194,14,1,0
BRDA:213,15,0,10
BRDA:213,15,1,0
BRDA:221,16,0,10
BRDA:221,16,1,0
BRDA:226,17,0,0
BRDA:226,17,1,0
BRDA:227,18,0,0
BRDA:227,18,1,0
BRF:38
BRH:20
end_of_record
TN:
SF:src/pages/HomePage.jsx
FN:7,HomePage
FN:9,(anonymous_1)
FN:10,(anonymous_2)
FN:12,(anonymous_3)
FN:16,handleSelect
FN:40,(anonymous_5)
FN:45,(anonymous_6)
FNF:7
FNH:7
FNDA:6,HomePage
FNDA:6,(anonymous_1)
FNDA:6,(anonymous_2)
FNDA:6,(anonymous_3)
FNDA:1,handleSelect
FNDA:48,(anonymous_5)
FNDA:1,(anonymous_6)
DA:8,6
DA:9,6
DA:10,6
DA:12,6
DA:13,6
DA:17,1
DA:18,1
DA:21,6
DA:41,48
DA:42,48
DA:45,1
LF:11
LH:11
BRF:0
BRH:0
end_of_record
TN:
SF:src/pages/LoginPage.jsx
FN:9,LoginPage
FN:34,(anonymous_1)
FN:37,(anonymous_2)
FN:65,(anonymous_3)
FN:82,(anonymous_4)
FN:99,(anonymous_5)
FN:120,(anonymous_6)
FN:171,(anonymous_7)
FN:185,(anonymous_8)
FN:189,(anonymous_9)
FN:189,(anonymous_10)
FN:200,(anonymous_11)
FN:236,(anonymous_12)
FN:295,(anonymous_13)
FN:334,(anonymous_14)
FN:378,(anonymous_15)
FN:392,(anonymous_16)
FN:397,(anonymous_17)
FN:397,(anonymous_18)
FN:410,(anonymous_19)
FNF:20
FNH:0
FNDA:0,LoginPage
FNDA:0,(anonymous_1)
FNDA:0,(anonymous_2)
FNDA:0,(anonymous_3)
FNDA:0,(anonymous_4)
FNDA:0,(anonymous_5)
FNDA:0,(anonymous_6)
FNDA:0,(anonymous_7)
FNDA:0,(anonymous_8)
FNDA:0,(anonymous_9)
FNDA:0,(anonymous_10)
FNDA:0,(anonymous_11)
FNDA:0,(anonymous_12)
FNDA:0,(anonymous_13)
FNDA:0,(anonymous_14)
FNDA:0,(anonymous_15)
FNDA:0,(anonymous_16)
FNDA:0,(anonymous_17)
FNDA:0,(anonymous_18)
FNDA:0,(anonymous_19)
DA:10,0
DA:11,0
DA:13,0
DA:14,0
DA:15,0
DA:16,0
DA:17,0
DA:18,0
DA:19,0
DA:20,0
DA:21,0
DA:22,0
DA:23,0
DA:24,0
DA:27,0
DA:28,0
DA:29,0
DA:30,0
DA:31,0
DA:32,0
DA:34,0
DA:37,0
DA:38,0
DA:39,0
DA:40,0
DA:41,0
DA:42,0
DA:43,0
DA:44,0
DA:45,0
DA:46,0
DA:47,0
DA:48,0
DA:49,0
DA:50,0
DA:51,0
DA:52,0
DA:53,0
DA:55,0
DA:58,0
DA:60,0
DA:65,0
DA:66,0
DA:67,0
DA:68,0
DA:69,0
DA:70,0
DA:71,0
DA:72,0
DA:74,0
DA:75,0
DA:77,0
DA:82,0
DA:83,0
DA:84,0
DA:85,0
DA:86,0
DA:87,0
DA:88,0
DA:89,0
DA:91,0
DA:92,0
DA:94,0
DA:99,0
DA:100,0
DA:101,0
DA:102,0
DA:103,0
DA:104,0
DA:106,0
DA:107,0
DA:108,0
DA:110,0
DA:111,0
DA:113,0
DA:115,0
DA:120,0
DA:121,0
DA:122,0
DA:123,0
DA:124,0
DA:125,0
DA:127,0
DA:128,0
DA:129,0
DA:131,0
DA:132,0
DA:133,0
DA:134,0
DA:135,0
DA:136,0
DA:138,0
DA:140,0
DA:144,0
DA:171,0
DA:185,0
DA:189,0
DA:200,0
DA:236,0
DA:295,0
DA:334,0
DA:378,0
DA:392,0
DA:397,0
DA:410,0
LF:105
LH:0
BRDA:43,0,0,0
BRDA:43,0,1,0
BRDA:50,1,0,0
BRDA:50,1,1,0
BRDA:58,2,0,0
BRDA:58,2,1,0
BRDA:67,3,0,0
BRDA:67,3,1,0
BRDA:74,4,0,0
BRDA:74,4,1,0
BRDA:84,5,0,0
BRDA:84,5,1,0
BRDA:91,6,0,0
BRDA:91,6,1,0
BRDA:106,7,0,0
BRDA:106,7,1,0
BRDA:110,8,0,0
BRDA:110,8,1,0
BRDA:113,9,0,0
BRDA:113,9,1,0
BRDA:123,10,0,0
BRDA:123,10,1,0
BRDA:127,11,0,0
BRDA:127,11,1,0
BRDA:134,12,0,0
BRDA:134,12,1,0
BRDA:138,13,0,0
BRDA:138,13,1,0
BRDA:158,14,0,0
BRDA:158,14,1,0
BRDA:161,15,0,0
BRDA:161,15,1,0
BRDA:183,16,0,0
BRDA:183,16,1,0
BRDA:190,17,0,0
BRDA:190,17,1,0
BRDA:194,18,0,0
BRDA:194,18,1,0
BRDA:196,19,0,0
BRDA:196,19,1,0
BRDA:210,20,0,0
BRDA:210,20,1,0
BRDA:242,21,0,0
BRDA:242,21,1,0
BRDA:243,22,0,0
BRDA:243,22,1,0
BRDA:244,23,0,0
BRDA:244,23,1,0
BRDA:254,24,0,0
BRDA:254,24,1,0
BRDA:274,25,0,0
BRDA:274,25,1,0
BRDA:301,26,0,0
BRDA:301,26,1,0
BRDA:302,27,0,0
BRDA:302,27,1,0
BRDA:303,28,0,0
BRDA:303,28,1,0
BRDA:314,29,0,0
BRDA:314,29,1,0
BRDA:341,30,0,0
BRDA:341,30,1,0
BRDA:343,31,0,0
BRDA:343,31,1,0
BRDA:353,32,0,0
BRDA:353,32,1,0
BRDA:362,33,0,0
BRDA:362,33,1,0
BRDA:390,34,0,0
BRDA:390,34,1,0
BRDA:398,35,0,0
BRDA:398,35,1,0
BRDA:416,36,0,0
BRDA:416,36,1,0
BRDA:418,37,0,0
BRDA:418,37,1,0
BRF:76
BRH:0
end_of_record
TN:
SF:src/pages/admin/AdminPage.jsx
FN:17,AdminPage
FN:19,(anonymous_1)
FN:29,(anonymous_2)
FN:32,(anonymous_3)
FNF:4
FNH:0
FNDA:0,AdminPage
FNDA:0,(anonymous_1)
FNDA:0,(anonymous_2)
FNDA:0,(anonymous_3)
DA:9,0
DA:18,0
DA:19,0
DA:21,0
DA:30,0
DA:32,0
LF:6
LH:0
BRDA:19,0,0,0
BRDA:19,0,1,0
BRDA:34,1,0,0
BRDA:34,1,1,0
BRF:4
BRH:0
end_of_record
TN:
SF:src/pages/admin/tabs/AuditTab.jsx
FN:6,AuditTab
FN:10,(anonymous_1)
FN:16,handleExportAudit
FN:17,(anonymous_3)
FN:27,(anonymous_4)
FN:28,(anonymous_5)
FN:40,(anonymous_6)
FN:40,(anonymous_7)
FN:49,(anonymous_8)
FN:49,(anonymous_9)
FN:57,(anonymous_10)
FN:57,(anonymous_11)
FN:60,(anonymous_12)
FN:70,(anonymous_13)
FN:70,(anonymous_14)
FN:73,(anonymous_15)
FN:80,(anonymous_16)
FN:100,(anonymous_17)
FN:113,(anonymous_18)
FNF:19
FNH:0
FNDA:0,AuditTab
FNDA:0,(anonymous_1)
FNDA:0,handleExportAudit
FNDA:0,(anonymous_3)
FNDA:0,(anonymous_4)
FNDA:0,(anonymous_5)
FNDA:0,(anonymous_6)
FNDA:0,(anonymous_7)
FNDA:0,(anonymous_8)
FNDA:0,(anonymous_9)
FNDA:0,(anonymous_10)
FNDA:0,(anonymous_11)
FNDA:0,(anonymous_12)
FNDA:0,(anonymous_13)
FNDA:0,(anonymous_14)
FNDA:0,(anonymous_15)
FNDA:0,(anonymous_16)
FNDA:0,(anonymous_17)
FNDA:0,(anonymous_18)
DA:7,0
DA:8,0
DA:10,0
DA:11,0
DA:12,0
DA:13,0
DA:17,0
DA:24,0
DA:27,0
DA:28,0
DA:30,0
DA:40,0
DA:49,0
DA:57,0
DA:61,0
DA:70,0
DA:74,0
DA:80,0
DA:101,0
DA:114,0
LF:20
LH:0
BRDA:11,0,0,0
BRDA:11,0,1,0
BRDA:11,1,0,0
BRDA:11,1,1,0
BRDA:12,2,0,0
BRDA:12,2,1,0
BRDA:12,3,0,0
BRDA:12,3,1,0
BRDA:108,4,0,0
BRDA:108,4,1,0
BRF:10
BRH:0
end_of_record
TN:
SF:src/pages/admin/tabs/IntegrationsTab.jsx
FN:65,IntegrationsTab
FN:76,toggleIntegration
FN:77,(anonymous_2)
FN:78,(anonymous_3)
FN:82,openConfig
FN:84,(anonymous_5)
FN:87,handleSaveConfig
FN:88,(anonymous_7)
FN:89,(anonymous_8)
FN:94,handlePingIntegration
FN:95,(anonymous_10)
FN:96,(anonymous_11)
FN:97,(anonymous_12)
FN:98,(anonymous_13)
FN:99,(anonymous_14)
FN:99,(anonymous_15)
FN:102,handleRefreshApiKey
FN:106,handleCopyApiKey
FN:107,(anonymous_18)
FN:109,(anonymous_19)
FN:115,(anonymous_20)
FN:125,(anonymous_21)
FN:146,(anonymous_22)
FN:156,(anonymous_23)
FN:189,(anonymous_24)
FN:189,(anonymous_25)
FN:225,(anonymous_26)
FN:229,(anonymous_27)
FN:237,(anonymous_28)
FN:243,(anonymous_29)
FN:243,(anonymous_30)
FN:244,(anonymous_31)
FNF:32
FNH:0
FNDA:0,IntegrationsTab
FNDA:0,toggleIntegration
FNDA:0,(anonymous_2)
FNDA:0,(anonymous_3)
FNDA:0,openConfig
FNDA:0,(anonymous_5)
FNDA:0,handleSaveConfig
FNDA:0,(anonymous_7)
FNDA:0,(anonymous_8)
FNDA:0,handlePingIntegration
FNDA:0,(anonymous_10)
FNDA:0,(anonymous_11)
FNDA:0,(anonymous_12)
FNDA:0,(anonymous_13)
FNDA:0,(anonymous_14)
FNDA:0,(anonymous_15)
FNDA:0,handleRefreshApiKey
FNDA:0,handleCopyApiKey
FNDA:0,(anonymous_18)
FNDA:0,(anonymous_19)
FNDA:0,(anonymous_20)
FNDA:0,(anonymous_21)
FNDA:0,(anonymous_22)
FNDA:0,(anonymous_23)
FNDA:0,(anonymous_24)
FNDA:0,(anonymous_25)
FNDA:0,(anonymous_26)
FNDA:0,(anonymous_27)
FNDA:0,(anonymous_28)
FNDA:0,(anonymous_29)
FNDA:0,(anonymous_30)
FNDA:0,(anonymous_31)
DA:8,0
DA:66,0
DA:67,0
DA:68,0
DA:69,0
DA:70,0
DA:71,0
DA:74,0
DA:77,0
DA:78,0
DA:83,0
DA:84,0
DA:88,0
DA:89,0
DA:91,0
DA:95,0
DA:96,0
DA:97,0
DA:98,0
DA:99,0
DA:103,0
DA:107,0
DA:108,0
DA:109,0
DA:112,0
DA:116,0
DA:125,0
DA:146,0
DA:156,0
DA:189,0
DA:225,0
DA:229,0
DA:238,0
DA:243,0
DA:244,0
LF:35
LH:0
BRDA:72,0,0,0
BRDA:72,0,1,0
BRDA:78,1,0,0
BRDA:78,1,1,0
BRDA:89,2,0,0
BRDA:89,2,1,0
BRDA:98,3,0,0
BRDA:98,3,1,0
BRDA:126,4,0,0
BRDA:126,4,1,0
BRDA:127,5,0,0
BRDA:127,5,1,0
BRDA:129,6,0,0
BRDA:129,6,1,0
BRDA:134,7,0,0
BRDA:134,7,1,0
BRDA:135,8,0,0
BRDA:135,8,1,0
BRDA:137,9,0,0
BRDA:137,9,1,0
BRDA:153,10,0,0
BRDA:153,10,1,0
BRDA:158,11,0,0
BRDA:158,11,1,0
BRDA:159,12,0,0
BRDA:159,12,1,0
BRDA:161,13,0,0
BRDA:161,13,1,0
BRDA:166,14,0,0
BRDA:166,14,1,0
BRDA:182,15,0,0
BRDA:182,15,1,0
BRDA:190,16,0,0
BRDA:190,16,1,0
BRDA:192,17,0,0
BRDA:192,17,1,0
BRDA:199,18,0,0
BRDA:199,18,1,0
BRDA:209,19,0,0
BRDA:209,19,1,0
BRDA:226,20,0,0
BRDA:226,20,1,0
BRDA:234,21,0,0
BRDA:234,21,1,0
BRDA:244,22,0,0
BRDA:244,22,1,0
BRF:46
BRH:0
end_of_record
TN:
SF:src/pages/admin/tabs/LLMTab.jsx
FN:46,getModelDisplayName
FN:54,LLMTab
FN:65,(anonymous_2)
FN:78,(anonymous_3)
FN:82,handleSetActiveProvider
FN:83,(anonymous_5)
FN:87,(anonymous_6)
FN:93,openLlmModal
FN:127,addCustomModel
FN:131,(anonymous_9)
FN:134,(anonymous_10)
FN:142,handleSaveLlmModal
FN:160,(anonymous_12)
FN:168,handleTestLlm
FN:169,(anonymous_14)
FN:172,(anonymous_15)
FN:174,(anonymous_16)
FN:176,(anonymous_17)
FN:176,(anonymous_18)
FN:217,(anonymous_19)
FN:223,(anonymous_20)
FN:249,(anonymous_21)
FN:304,(anonymous_22)
FN:314,(anonymous_23)
FN:339,(anonymous_24)
FN:343,(anonymous_25)
FN:353,(anonymous_26)
FN:370,(anonymous_27)
FN:370,(anonymous_28)
FN:375,(anonymous_29)
FN:375,(anonymous_30)
FN:386,(anonymous_31)
FN:386,(anonymous_32)
FN:405,(anonymous_33)
FN:413,(anonymous_34)
FN:413,(anonymous_35)
FN:419,(anonymous_36)
FN:419,(anonymous_37)
FN:425,(anonymous_38)
FN:427,(anonymous_39)
FN:428,(anonymous_40)
FN:446,(anonymous_41)
FN:446,(anonymous_42)
FN:447,(anonymous_43)
FN:465,(anonymous_44)
FN:467,(anonymous_45)
FN:469,(anonymous_46)
FN:473,(anonymous_47)
FN:484,(anonymous_48)
FN:484,(anonymous_49)
FN:499,(anonymous_50)
FN:499,(anonymous_51)
FN:513,(anonymous_52)
FN:513,(anonymous_53)
FNF:54
FNH:0
FNDA:0,getModelDisplayName
FNDA:0,LLMTab
FNDA:0,(anonymous_2)
FNDA:0,(anonymous_3)
FNDA:0,handleSetActiveProvider
FNDA:0,(anonymous_5)
FNDA:0,(anonymous_6)
FNDA:0,openLlmModal
FNDA:0,addCustomModel
FNDA:0,(anonymous_9)
FNDA:0,(anonymous_10)
FNDA:0,handleSaveLlmModal
FNDA:0,(anonymous_12)
FNDA:0,handleTestLlm
FNDA:0,(anonymous_14)
FNDA:0,(anonymous_15)
FNDA:0,(anonymous_16)
FNDA:0,(anonymous_17)
FNDA:0,(anonymous_18)
FNDA:0,(anonymous_19)
FNDA:0,(anonymous_20)
FNDA:0,(anonymous_21)
FNDA:0,(anonymous_22)
FNDA:0,(anonymous_23)
FNDA:0,(anonymous_24)
FNDA:0,(anonymous_25)
FNDA:0,(anonymous_26)
FNDA:0,(anonymous_27)
FNDA:0,(anonymous_28)
FNDA:0,(anonymous_29)
FNDA:0,(anonymous_30)
FNDA:0,(anonymous_31)
FNDA:0,(anonymous_32)
FNDA:0,(anonymous_33)
FNDA:0,(anonymous_34)
FNDA:0,(anonymous_35)
FNDA:0,(anonymous_36)
FNDA:0,(anonymous_37)
FNDA:0,(anonymous_38)
FNDA:0,(anonymous_39)
FNDA:0,(anonymous_40)
FNDA:0,(anonymous_41)
FNDA:0,(anonymous_42)
FNDA:0,(anonymous_43)
FNDA:0,(anonymous_44)
FNDA:0,(anonymous_45)
FNDA:0,(anonymous_46)
FNDA:0,(anonymous_47)
FNDA:0,(anonymous_48)
FNDA:0,(anonymous_49)
FNDA:0,(anonymous_50)
FNDA:0,(anonymous_51)
FNDA:0,(anonymous_52)
FNDA:0,(anonymous_53)
DA:8,0
DA:47,0
DA:48,0
DA:49,0
DA:51,0
DA:55,0
DA:56,0
DA:57,0
DA:58,0
DA:59,0
DA:60,0
DA:61,0
DA:62,0
DA:63,0
DA:65,0
DA:66,0
DA:67,0
DA:68,0
DA:69,0
DA:70,0
DA:72,0
DA:74,0
DA:78,0
DA:79,0
DA:83,0
DA:84,0
DA:85,0
DA:86,0
DA:87,0
DA:89,0
DA:94,0
DA:95,0
DA:96,0
DA:98,0
DA:100,0
DA:101,0
DA:104,0
DA:105,0
DA:107,0
DA:108,0
DA:111,0
DA:114,0
DA:124,0
DA:128,0
DA:129,0
DA:130,0
DA:131,0
DA:132,0
DA:134,0
DA:143,0
DA:144,0
DA:145,0
DA:150,0
DA:151,0
DA:152,0
DA:153,0
DA:155,0
DA:156,0
DA:157,0
DA:158,0
DA:159,0
DA:160,0
DA:162,0
DA:164,0
DA:169,0
DA:170,0
DA:171,0
DA:172,0
DA:174,0
DA:176,0
DA:177,0
DA:178,0
DA:179,0
DA:183,0
DA:218,0
DA:219,0
DA:220,0
DA:223,0
DA:250,0
DA:251,0
DA:252,0
DA:253,0
DA:304,0
DA:314,0
DA:339,0
DA:343,0
DA:354,0
DA:370,0
DA:375,0
DA:386,0
DA:406,0
DA:413,0
DA:419,0
DA:426,0
DA:427,0
DA:428,0
DA:429,0
DA:446,0
DA:447,0
DA:466,0
DA:467,0
DA:469,0
DA:474,0
DA:484,0
DA:499,0
DA:513,0
LF:106
LH:0
BRDA:47,0,0,0
BRDA:47,0,1,0
BRDA:47,1,0,0
BRDA:47,1,1,0
BRDA:51,2,0,0
BRDA:51,2,1,0
BRDA:79,3,0,0
BRDA:79,3,1,0
BRDA:94,4,0,0
BRDA:94,4,1,0
BRDA:95,5,0,0
BRDA:95,5,1,0
BRDA:96,6,0,0
BRDA:96,6,1,0
BRDA:98,7,0,0
BRDA:98,7,1,0
BRDA:100,8,0,0
BRDA:100,8,1,0
BRDA:100,9,0,0
BRDA:100,9,1,0
BRDA:100,9,2,0
BRDA:100,9,3,0
BRDA:104,10,0,0
BRDA:104,10,1,0
BRDA:104,11,0,0
BRDA:104,11,1,0
BRDA:104,11,2,0
BRDA:107,12,0,0
BRDA:107,12,1,0
BRDA:107,13,0,0
BRDA:107,13,1,0
BRDA:111,14,0,0
BRDA:111,14,1,0
BRDA:116,15,0,0
BRDA:116,15,1,0
BRDA:117,16,0,0
BRDA:117,16,1,0
BRDA:119,17,0,0
BRDA:119,17,1,0
BRDA:120,18,0,0
BRDA:120,18,1,0
BRDA:128,19,0,0
BRDA:128,19,1,0
BRDA:129,20,0,0
BRDA:129,20,1,0
BRDA:129,21,0,0
BRDA:129,21,1,0
BRDA:130,22,0,0
BRDA:130,22,1,0
BRDA:130,23,0,0
BRDA:130,23,1,0
BRDA:136,24,0,0
BRDA:136,24,1,0
BRDA:137,25,0,0
BRDA:137,25,1,0
BRDA:143,26,0,0
BRDA:143,26,1,0
BRDA:147,27,0,0
BRDA:147,27,1,0
BRDA:148,28,0,0
BRDA:148,28,1,0
BRDA:150,29,0,0
BRDA:150,29,1,0
BRDA:151,30,0,0
BRDA:151,30,1,0
BRDA:151,31,0,0
BRDA:151,31,1,0
BRDA:152,32,0,0
BRDA:152,32,1,0
BRDA:152,33,0,0
BRDA:152,33,1,0
BRDA:153,34,0,0
BRDA:153,34,1,0
BRDA:153,35,0,0
BRDA:153,35,1,0
BRDA:172,36,0,0
BRDA:172,36,1,0
BRDA:185,37,0,0
BRDA:185,37,1,0
BRDA:192,38,0,0
BRDA:192,38,1,0
BRDA:199,39,0,0
BRDA:199,39,1,0
BRDA:206,40,0,0
BRDA:206,40,1,0
BRDA:219,41,0,0
BRDA:219,41,1,0
BRDA:225,42,0,0
BRDA:225,42,1,0
BRDA:234,43,0,0
BRDA:234,43,1,0
BRDA:238,44,0,0
BRDA:238,44,1,0
BRDA:238,45,0,0
BRDA:238,45,1,0
BRDA:241,46,0,0
BRDA:241,46,1,0
BRDA:251,47,0,0
BRDA:251,47,1,0
BRDA:254,48,0,0
BRDA:254,48,1,0
BRDA:262,49,0,0
BRDA:262,49,1,0
BRDA:275,50,0,0
BRDA:275,50,1,0
BRDA:276,51,0,0
BRDA:276,51,1,0
BRDA:282,52,0,0
BRDA:282,52,1,0
BRDA:287,53,0,0
BRDA:287,53,1,0
BRDA:291,54,0,0
BRDA:291,54,1,0
BRDA:293,55,0,0
BRDA:293,55,1,0
BRDA:311,56,0,0
BRDA:311,56,1,0
BRDA:316,57,0,0
BRDA:316,57,1,0
BRDA:317,58,0,0
BRDA:317,58,1,0
BRDA:319,59,0,0
BRDA:319,59,1,0
BRDA:324,60,0,0
BRDA:324,60,1,0
BRDA:340,61,0,0
BRDA:340,61,1,0
BRDA:345,62,0,0
BRDA:345,62,1,0
BRDA:351,63,0,0
BRDA:351,63,1,0
BRDA:357,64,0,0
BRDA:357,64,1,0
BRDA:359,65,0,0
BRDA:359,65,1,0
BRDA:362,66,0,0
BRDA:362,66,1,0
BRDA:365,67,0,0
BRDA:365,67,1,0
BRDA:366,68,0,0
BRDA:366,68,1,0
BRDA:369,69,0,0
BRDA:369,69,1,0
BRDA:377,70,0,0
BRDA:377,70,1,0
BRDA:385,71,0,0
BRDA:385,71,1,0
BRDA:389,72,0,0
BRDA:389,72,1,0
BRDA:389,72,2,0
BRDA:392,73,0,0
BRDA:392,73,1,0
BRDA:398,74,0,0
BRDA:398,74,1,0
BRDA:402,75,0,0
BRDA:402,75,1,0
BRDA:402,76,0,0
BRDA:402,76,1,0
BRDA:405,77,0,0
BRDA:405,77,1,0
BRDA:409,78,0,0
BRDA:409,78,1,0
BRDA:429,79,0,0
BRDA:429,79,1,0
BRDA:429,80,0,0
BRDA:429,80,1,0
BRDA:445,81,0,0
BRDA:445,81,1,0
BRDA:447,82,0,0
BRDA:447,82,1,0
BRDA:464,83,0,0
BRDA:464,83,1,0
BRDA:466,84,0,0
BRDA:466,84,1,0
BRDA:478,85,0,0
BRDA:478,85,1,0
BRF:176
BRH:0
end_of_record
TN:
SF:src/pages/admin/tabs/SettingsTab.jsx
FN:14,SettingsTab
FN:25,(anonymous_1)
FN:26,(anonymous_2)
FN:30,(anonymous_3)
FN:33,handleSaveCompany
FN:41,(anonymous_5)
FN:49,openEditTemplate
FN:54,handleSaveTemplate
FN:56,(anonymous_8)
FN:56,(anonymous_9)
FN:64,handleDownloadTemplate
FN:90,(anonymous_11)
FN:114,(anonymous_12)
FN:123,(anonymous_13)
FN:130,(anonymous_14)
FN:143,(anonymous_15)
FN:147,(anonymous_16)
FN:159,(anonymous_17)
FNF:18
FNH:0
FNDA:0,SettingsTab
FNDA:0,(anonymous_1)
FNDA:0,(anonymous_2)
FNDA:0,(anonymous_3)
FNDA:0,handleSaveCompany
FNDA:0,(anonymous_5)
FNDA:0,openEditTemplate
FNDA:0,handleSaveTemplate
FNDA:0,(anonymous_8)
FNDA:0,(anonymous_9)
FNDA:0,handleDownloadTemplate
FNDA:0,(anonymous_11)
FNDA:0,(anonymous_12)
FNDA:0,(anonymous_13)
FNDA:0,(anonymous_14)
FNDA:0,(anonymous_15)
FNDA:0,(anonymous_16)
FNDA:0,(anonymous_17)
DA:6,0
DA:15,0
DA:16,0
DA:17,0
DA:20,0
DA:21,0
DA:22,0
DA:23,0
DA:25,0
DA:26,0
DA:27,0
DA:28,0
DA:29,0
DA:34,0
DA:35,0
DA:36,0
DA:37,0
DA:38,0
DA:39,0
DA:40,0
DA:41,0
DA:45,0
DA:50,0
DA:51,0
DA:55,0
DA:56,0
DA:57,0
DA:61,0
DA:65,0
DA:66,0
DA:67,0
DA:68,0
DA:69,0
DA:70,0
DA:71,0
DA:72,0
DA:75,0
DA:90,0
DA:115,0
DA:123,0
DA:130,0
DA:143,0
DA:147,0
DA:159,0
LF:44
LH:0
BRDA:27,0,0,0
BRDA:27,0,1,0
BRDA:37,1,0,0
BRDA:37,1,1,0
BRDA:55,2,0,0
BRDA:55,2,1,0
BRDA:57,3,0,0
BRDA:57,3,1,0
BRDA:96,4,0,0
BRDA:96,4,1,0
BRDA:98,5,0,0
BRDA:98,5,1,0
BRDA:104,6,0,0
BRDA:104,6,1,0
BRF:14
BRH:0
end_of_record
TN:
SF:src/pages/admin/tabs/UsersTab.jsx
FN:10,validateUserForm
FN:26,UsersTab
FN:37,handleAddUser
FN:46,handleEditRoleSubmit
FN:52,handleResetPasswordGenerate
FN:62,(anonymous_5)
FN:74,(anonymous_6)
FN:82,(anonymous_7)
FN:96,(anonymous_8)
FN:107,(anonymous_9)
FN:114,(anonymous_10)
FN:121,(anonymous_11)
FN:136,(anonymous_12)
FN:140,(anonymous_13)
FN:153,(anonymous_14)
FN:153,(anonymous_15)
FN:153,(anonymous_16)
FN:164,(anonymous_17)
FN:164,(anonymous_18)
FN:164,(anonymous_19)
FN:173,(anonymous_20)
FN:173,(anonymous_21)
FN:175,(anonymous_22)
FN:187,(anonymous_23)
FN:187,(anonymous_24)
FN:187,(anonymous_25)
FN:196,(anonymous_26)
FN:200,(anonymous_27)
FN:210,(anonymous_28)
FN:212,(anonymous_29)
FN:221,(anonymous_30)
FN:225,(anonymous_31)
FNF:32
FNH:0
FNDA:0,validateUserForm
FNDA:0,UsersTab
FNDA:0,handleAddUser
FNDA:0,handleEditRoleSubmit
FNDA:0,handleResetPasswordGenerate
FNDA:0,(anonymous_5)
FNDA:0,(anonymous_6)
FNDA:0,(anonymous_7)
FNDA:0,(anonymous_8)
FNDA:0,(anonymous_9)
FNDA:0,(anonymous_10)
FNDA:0,(anonymous_11)
FNDA:0,(anonymous_12)
FNDA:0,(anonymous_13)
FNDA:0,(anonymous_14)
FNDA:0,(anonymous_15)
FNDA:0,(anonymous_16)
FNDA:0,(anonymous_17)
FNDA:0,(anonymous_18)
FNDA:0,(anonymous_19)
FNDA:0,(anonymous_20)
FNDA:0,(anonymous_21)
FNDA:0,(anonymous_22)
FNDA:0,(anonymous_23)
FNDA:0,(anonymous_24)
FNDA:0,(anonymous_25)
FNDA:0,(anonymous_26)
FNDA:0,(anonymous_27)
FNDA:0,(anonymous_28)
FNDA:0,(anonymous_29)
FNDA:0,(anonymous_30)
FNDA:0,(anonymous_31)
DA:8,0
DA:11,0
DA:12,0
DA:13,0
DA:14,0
DA:15,0
DA:16,0
DA:18,0
DA:19,0
DA:20,0
DA:21,0
DA:23,0
DA:27,0
DA:28,0
DA:29,0
DA:30,0
DA:31,0
DA:32,0
DA:33,0
DA:35,0
DA:38,0
DA:39,0
DA:40,0
DA:41,0
DA:42,0
DA:43,0
DA:47,0
DA:48,0
DA:49,0
DA:53,0
DA:54,0
DA:57,0
DA:62,0
DA:75,0
DA:83,0
DA:96,0
DA:107,0
DA:114,0
DA:121,0
DA:136,0
DA:140,0
DA:153,0
DA:164,0
DA:173,0
DA:176,0
DA:187,0
DA:196,0
DA:200,0
DA:210,0
DA:213,0
DA:221,0
DA:225,0
LF:52
LH:0
BRDA:12,0,0,0
BRDA:12,0,1,0
BRDA:13,1,0,0
BRDA:13,1,1,0
BRDA:15,2,0,0
BRDA:15,2,1,0
BRDA:18,3,0,0
BRDA:18,3,1,0
BRDA:20,4,0,0
BRDA:20,4,1,0
BRDA:39,5,0,0
BRDA:39,5,1,0
BRDA:47,6,0,0
BRDA:47,6,1,0
BRDA:86,7,0,0
BRDA:86,7,1,0
BRDA:88,8,0,0
BRDA:88,8,1,0
BRDA:90,9,0,0
BRDA:90,9,1,0
BRDA:101,10,0,0
BRDA:101,10,1,0
BRDA:103,11,0,0
BRDA:103,11,1,0
BRDA:109,12,0,0
BRDA:109,12,1,0
BRDA:150,13,0,0
BRDA:150,13,1,0
BRDA:155,14,0,0
BRDA:155,14,1,0
BRDA:161,15,0,0
BRDA:161,15,1,0
BRDA:166,16,0,0
BRDA:166,16,1,0
BRDA:184,17,0,0
BRDA:184,17,1,0
BRDA:189,18,0,0
BRDA:189,18,1,0
BRDA:197,19,0,0
BRDA:197,19,1,0
BRDA:222,20,0,0
BRDA:222,20,1,0
BRDA:228,21,0,0
BRDA:228,21,1,0
BRDA:242,22,0,0
BRDA:242,22,1,0
BRF:46
BRH:0
end_of_record
TN:
SF:src/pages/ai-assistant/AIAssistant.jsx
FN:18,renderInlineHtml
FN:29,parseBlocks
FN:106,InlineHtml
FN:110,MarkdownRenderer
FN:114,(anonymous_4)
FN:126,(anonymous_5)
FN:131,(anonymous_6)
FN:144,MessageBubble
FN:171,TypingBubble
FN:189,ApiKeyBanner
FN:214,AIAssistant
FN:228,(anonymous_11)
FN:231,(anonymous_12)
FN:238,(anonymous_13)
FN:243,(anonymous_14)
FN:251,(anonymous_15)
FN:256,(anonymous_16)
FN:263,(anonymous_17)
FN:275,(anonymous_18)
FN:281,(anonymous_19)
FN:287,(anonymous_20)
FN:289,(anonymous_21)
FN:308,(anonymous_22)
FN:358,(anonymous_23)
FN:372,(anonymous_24)
FN:386,(anonymous_25)
FN:390,handleKeyDown
FN:397,clearHistory
FN:404,stopStreaming
FN:451,(anonymous_29)
FN:454,(anonymous_30)
FN:465,(anonymous_31)
FN:490,(anonymous_32)
FN:493,(anonymous_33)
FN:506,(anonymous_34)
FN:513,(anonymous_35)
FN:528,(anonymous_36)
FNF:37
FNH:0
FNDA:0,renderInlineHtml
FNDA:0,parseBlocks
FNDA:0,InlineHtml
FNDA:0,MarkdownRenderer
FNDA:0,(anonymous_4)
FNDA:0,(anonymous_5)
FNDA:0,(anonymous_6)
FNDA:0,MessageBubble
FNDA:0,TypingBubble
FNDA:0,ApiKeyBanner
FNDA:0,AIAssistant
FNDA:0,(anonymous_11)
FNDA:0,(anonymous_12)
FNDA:0,(anonymous_13)
FNDA:0,(anonymous_14)
FNDA:0,(anonymous_15)
FNDA:0,(anonymous_16)
FNDA:0,(anonymous_17)
FNDA:0,(anonymous_18)
FNDA:0,(anonymous_19)
FNDA:0,(anonymous_20)
FNDA:0,(anonymous_21)
FNDA:0,(anonymous_22)
FNDA:0,(anonymous_23)
FNDA:0,(anonymous_24)
FNDA:0,(anonymous_25)
FNDA:0,handleKeyDown
FNDA:0,clearHistory
FNDA:0,stopStreaming
FNDA:0,(anonymous_29)
FNDA:0,(anonymous_30)
FNDA:0,(anonymous_31)
FNDA:0,(anonymous_32)
FNDA:0,(anonymous_33)
FNDA:0,(anonymous_34)
FNDA:0,(anonymous_35)
FNDA:0,(anonymous_36)
DA:5,0
DA:19,0
DA:23,0
DA:30,0
DA:31,0
DA:32,0
DA:34,0
DA:35,0
DA:38,0
DA:39,0
DA:40,0
DA:41,0
DA:42,0
DA:43,0
DA:45,0
DA:46,0
DA:47,0
DA:51,0
DA:52,0
DA:53,0
DA:54,0
DA:55,0
DA:56,0
DA:59,0
DA:62,0
DA:63,0
DA:64,0
DA:65,0
DA:66,0
DA:68,0
DA:69,0
DA:73,0
DA:74,0
DA:75,0
DA:76,0
DA:77,0
DA:79,0
DA:80,0
DA:84,0
DA:87,0
DA:88,0
DA:95,0
DA:96,0
DA:98,0
DA:100,0
DA:103,0
DA:107,0
DA:111,0
DA:112,0
DA:115,0
DA:116,0
DA:117,0
DA:118,0
DA:119,0
DA:124,0
DA:126,0
DA:129,0
DA:131,0
DA:134,0
DA:135,0
DA:145,0
DA:146,0
DA:172,0
DA:190,0
DA:215,0
DA:216,0
DA:217,0
DA:218,0
DA:219,0
DA:220,0
DA:221,0
DA:222,0
DA:223,0
DA:224,0
DA:227,0
DA:228,0
DA:229,0
DA:230,0
DA:231,0
DA:232,0
DA:233,0
DA:238,0
DA:239,0
DA:243,0
DA:244,0
DA:248,0
DA:249,0
DA:251,0
DA:252,0
DA:253,0
DA:256,0
DA:257,0
DA:258,0
DA:259,0
DA:263,0
DA:264,0
DA:265,0
DA:267,0
DA:268,0
DA:269,0
DA:270,0
DA:271,0
DA:272,0
DA:274,0
DA:275,0
DA:277,0
DA:278,0
DA:281,0
DA:282,0
DA:286,0
DA:287,0
DA:288,0
DA:289,0
DA:290,0
DA:293,0
DA:295,0
DA:296,0
DA:297,0
DA:307,0
DA:308,0
DA:309,0
DA:312,0
DA:313,0
DA:314,0
DA:315,0
DA:316,0
DA:318,0
DA:319,0
DA:320,0
DA:321,0
DA:322,0
DA:323,0
DA:325,0
DA:327,0
DA:328,0
DA:330,0
DA:331,0
DA:332,0
DA:333,0
DA:335,0
DA:336,0
DA:337,0
DA:338,0
DA:339,0
DA:341,0
DA:343,0
DA:344,0
DA:345,0
DA:348,0
DA:354,0
DA:355,0
DA:356,0
DA:358,0
DA:360,0
DA:361,0
DA:362,0
DA:363,0
DA:364,0
DA:365,0
DA:368,0
DA:369,0
DA:370,0
DA:372,0
DA:374,0
DA:376,0
DA:379,0
DA:380,0
DA:381,0
DA:382,0
DA:383,0
DA:384,0
DA:385,0
DA:386,0
DA:391,0
DA:392,0
DA:393,0
DA:398,0
DA:399,0
DA:400,0
DA:401,0
DA:405,0
DA:408,0
DA:410,0
DA:452,0
DA:454,0
DA:465,0
DA:491,0
DA:493,0
DA:506,0
DA:514,0
DA:515,0
DA:528,0
LF:192
LH:0
BRDA:38,0,0,0
BRDA:38,0,1,0
BRDA:41,1,0,0
BRDA:41,1,1,0
BRDA:54,2,0,0
BRDA:54,2,1,0
BRDA:55,3,0,0
BRDA:55,3,1,0
BRDA:56,4,0,0
BRDA:56,4,1,0
BRDA:59,5,0,0
BRDA:59,5,1,0
BRDA:62,6,0,0
BRDA:62,6,1,0
BRDA:64,7,0,0
BRDA:64,7,1,0
BRDA:73,8,0,0
BRDA:73,8,1,0
BRDA:75,9,0,0
BRDA:75,9,1,0
BRDA:84,10,0,0
BRDA:84,10,1,0
BRDA:89,11,0,0
BRDA:89,11,1,0
BRDA:89,11,2,0
BRDA:89,11,3,0
BRDA:89,11,4,0
BRDA:98,12,0,0
BRDA:98,12,1,0
BRDA:115,13,0,0
BRDA:115,13,1,0
BRDA:115,13,2,0
BRDA:115,13,3,0
BRDA:115,13,4,0
BRDA:115,13,5,0
BRDA:115,13,6,0
BRDA:115,13,7,0
BRDA:147,14,0,0
BRDA:147,14,1,0
BRDA:149,15,0,0
BRDA:149,15,1,0
BRDA:151,16,0,0
BRDA:151,16,1,0
BRDA:158,17,0,0
BRDA:158,17,1,0
BRDA:162,18,0,0
BRDA:162,18,1,0
BRDA:178,19,0,0
BRDA:178,19,1,0
BRDA:229,20,0,0
BRDA:229,20,1,0
BRDA:232,21,0,0
BRDA:232,21,1,0
BRDA:244,22,0,0
BRDA:244,22,1,0
BRDA:258,23,0,0
BRDA:258,23,1,0
BRDA:265,24,0,0
BRDA:265,24,1,0
BRDA:265,25,0,0
BRDA:265,25,1,0
BRDA:296,26,0,0
BRDA:296,26,1,0
BRDA:301,27,0,0
BRDA:301,27,1,0
BRDA:307,28,0,0
BRDA:307,28,1,0
BRDA:309,29,0,0
BRDA:309,29,1,0
BRDA:321,30,0,0
BRDA:321,30,1,0
BRDA:325,31,0,0
BRDA:325,31,1,0
BRDA:328,32,0,0
BRDA:328,32,1,0
BRDA:331,33,0,0
BRDA:331,33,1,0
BRDA:333,34,0,0
BRDA:333,34,1,0
BRDA:337,35,0,0
BRDA:337,35,1,0
BRDA:338,36,0,0
BRDA:338,36,1,0
BRDA:338,37,0,0
BRDA:338,37,1,0
BRDA:343,38,0,0
BRDA:343,38,1,0
BRDA:348,39,0,0
BRDA:348,39,1,0
BRDA:362,40,0,0
BRDA:362,40,1,0
BRDA:363,41,0,0
BRDA:363,41,1,0
BRDA:364,42,0,0
BRDA:364,42,1,0
BRDA:364,43,0,0
BRDA:364,43,1,0
BRDA:368,44,0,0
BRDA:368,44,1,0
BRDA:370,45,0,0
BRDA:370,45,1,0
BRDA:391,46,0,0
BRDA:391,46,1,0
BRDA:391,47,0,0
BRDA:391,47,1,0
BRDA:408,48,0,0
BRDA:408,48,1,0
BRDA:423,49,0,0
BRDA:423,49,1,0
BRDA:436,50,0,0
BRDA:436,50,1,0
BRDA:467,51,0,0
BRDA:467,51,1,0
BRDA:469,52,0,0
BRDA:469,52,1,0
BRDA:484,53,0,0
BRDA:484,53,1,0
BRDA:488,54,0,0
BRDA:488,54,1,0
BRDA:488,54,2,0
BRDA:518,55,0,0
BRDA:518,55,1,0
BRDA:533,56,0,0
BRDA:533,56,1,0
BRF:124
BRH:0
end_of_record
TN:
SF:src/pages/chat/ChatPage.jsx
FN:12,formatTime
FN:18,formatDate
FN:24,buildConversations
FN:26,(anonymous_3)
FN:37,ChatPage
FN:45,(anonymous_5)
FN:48,(anonymous_6)
FN:50,(anonymous_7)
FN:59,(anonymous_8)
FN:60,(anonymous_9)
FN:63,(anonymous_10)
FN:70,(anonymous_11)
FN:74,(anonymous_12)
FN:74,(anonymous_13)
FN:75,(anonymous_14)
FN:75,(anonymous_15)
FN:79,(anonymous_16)
FN:84,handleSend
FN:99,handleKeyDown
FN:106,applyQuickReply
FN:112,groupByDate
FN:115,(anonymous_21)
FN:141,(anonymous_22)
FN:157,(anonymous_23)
FN:210,(anonymous_24)
FN:260,(anonymous_25)
FN:260,(anonymous_26)
FN:268,(anonymous_27)
FN:272,(anonymous_28)
FN:287,(anonymous_29)
FNF:30
FNH:0
FNDA:0,formatTime
FNDA:0,formatDate
FNDA:0,buildConversations
FNDA:0,(anonymous_3)
FNDA:0,ChatPage
FNDA:0,(anonymous_5)
FNDA:0,(anonymous_6)
FNDA:0,(anonymous_7)
FNDA:0,(anonymous_8)
FNDA:0,(anonymous_9)
FNDA:0,(anonymous_10)
FNDA:0,(anonymous_11)
FNDA:0,(anonymous_12)
FNDA:0,(anonymous_13)
FNDA:0,(anonymous_14)
FNDA:0,(anonymous_15)
FNDA:0,(anonymous_16)
FNDA:0,handleSend
FNDA:0,handleKeyDown
FNDA:0,applyQuickReply
FNDA:0,groupByDate
FNDA:0,(anonymous_21)
FNDA:0,(anonymous_22)
FNDA:0,(anonymous_23)
FNDA:0,(anonymous_24)
FNDA:0,(anonymous_25)
FNDA:0,(anonymous_26)
FNDA:0,(anonymous_27)
FNDA:0,(anonymous_28)
FNDA:0,(anonymous_29)
DA:6,0
DA:13,0
DA:14,0
DA:15,0
DA:19,0
DA:20,0
DA:25,0
DA:26,0
DA:27,0
DA:28,0
DA:29,0
DA:31,0
DA:32,0
DA:34,0
DA:38,0
DA:39,0
DA:40,0
DA:41,0
DA:42,0
DA:45,0
DA:48,0
DA:49,0
DA:50,0
DA:51,0
DA:52,0
DA:53,0
DA:54,0
DA:56,0
DA:59,0
DA:60,0
DA:63,0
DA:64,0
DA:65,0
DA:70,0
DA:71,0
DA:74,0
DA:75,0
DA:78,0
DA:80,0
DA:85,0
DA:86,0
DA:95,0
DA:96,0
DA:100,0
DA:101,0
DA:102,0
DA:107,0
DA:108,0
DA:113,0
DA:114,0
DA:115,0
DA:116,0
DA:117,0
DA:118,0
DA:119,0
DA:121,0
DA:123,0
DA:126,0
DA:127,0
DA:129,0
DA:142,0
DA:143,0
DA:144,0
DA:145,0
DA:147,0
DA:151,0
DA:157,0
DA:211,0
DA:212,0
DA:220,0
DA:221,0
DA:222,0
DA:260,0
DA:269,0
DA:272,0
DA:287,0
LF:76
LH:0
BRDA:13,0,0,0
BRDA:13,0,1,0
BRDA:15,1,0,0
BRDA:15,1,1,0
BRDA:19,2,0,0
BRDA:19,2,1,0
BRDA:28,3,0,0
BRDA:28,3,1,0
BRDA:32,4,0,0
BRDA:32,4,1,0
BRDA:32,5,0,0
BRDA:32,5,1,0
BRDA:52,6,0,0
BRDA:52,6,1,0
BRDA:54,7,0,0
BRDA:54,7,1,0
BRDA:54,8,0,0
BRDA:54,8,1,0
BRDA:59,9,0,0
BRDA:59,9,1,0
BRDA:60,10,0,0
BRDA:60,10,1,0
BRDA:64,11,0,0
BRDA:64,11,1,0
BRDA:64,12,0,0
BRDA:64,12,1,0
BRDA:78,13,0,0
BRDA:78,13,1,0
BRDA:80,14,0,0
BRDA:80,14,1,0
BRDA:85,15,0,0
BRDA:85,15,1,0
BRDA:85,16,0,0
BRDA:85,16,1,0
BRDA:100,17,0,0
BRDA:100,17,1,0
BRDA:100,18,0,0
BRDA:100,18,1,0
BRDA:117,19,0,0
BRDA:117,19,1,0
BRDA:126,20,0,0
BRDA:126,20,1,0
BRDA:127,21,0,0
BRDA:127,21,1,0
BRDA:138,22,0,0
BRDA:138,22,1,0
BRDA:147,23,0,0
BRDA:147,23,1,0
BRDA:147,23,2,0
BRDA:155,24,0,0
BRDA:155,24,1,0
BRDA:162,25,0,0
BRDA:162,25,1,0
BRDA:165,26,0,0
BRDA:165,26,1,0
BRDA:166,27,0,0
BRDA:166,27,1,0
BRDA:168,28,0,0
BRDA:168,28,1,0
BRDA:171,29,0,0
BRDA:171,29,1,0
BRDA:177,30,0,0
BRDA:177,30,1,0
BRDA:180,31,0,0
BRDA:180,31,1,0
BRDA:193,32,0,0
BRDA:193,32,1,0
BRDA:199,33,0,0
BRDA:199,33,1,0
BRDA:202,34,0,0
BRDA:202,34,1,0
BRDA:211,35,0,0
BRDA:211,35,1,0
BRDA:223,36,0,0
BRDA:223,36,1,0
BRDA:224,37,0,0
BRDA:224,37,1,0
BRDA:225,38,0,0
BRDA:225,38,1,0
BRDA:227,39,0,0
BRDA:227,39,1,0
BRDA:231,40,0,0
BRDA:231,40,1,0
BRDA:236,41,0,0
BRDA:236,41,1,0
BRDA:243,42,0,0
BRDA:243,42,1,0
BRDA:264,43,0,0
BRDA:264,43,1,0
BRDA:266,44,0,0
BRDA:266,44,1,0
BRDA:292,45,0,0
BRDA:292,45,1,0
BRF:93
BRH:0
end_of_record
TN:
SF:src/pages/claims/ClaimsPage.jsx
FN:13,isClaimOverdue
FN:18,(anonymous_1)
FN:38,ClaimsPage
FN:46,(anonymous_3)
FN:46,(anonymous_4)
FN:47,(anonymous_5)
FN:47,(anonymous_6)
FN:48,(anonymous_7)
FN:48,(anonymous_8)
FN:51,(anonymous_9)
FN:52,(anonymous_10)
FN:53,(anonymous_11)
FN:58,(anonymous_12)
FN:59,(anonymous_13)
FN:66,(anonymous_14)
FN:69,handleNewClaimSubmit
FN:91,handleResolutionSubmit
FN:116,(anonymous_17)
FN:199,(anonymous_18)
FN:199,(anonymous_19)
FN:212,(anonymous_20)
FN:212,(anonymous_21)
FN:227,(anonymous_22)
FN:264,(anonymous_23)
FN:284,(anonymous_24)
FN:297,(anonymous_25)
FN:305,(anonymous_26)
FN:322,(anonymous_27)
FN:339,(anonymous_28)
FN:343,(anonymous_29)
FN:354,(anonymous_30)
FN:354,(anonymous_31)
FN:357,(anonymous_32)
FN:359,(anonymous_33)
FN:370,(anonymous_34)
FN:370,(anonymous_35)
FN:374,(anonymous_36)
FN:385,(anonymous_37)
FN:385,(anonymous_38)
FN:389,(anonymous_39)
FN:402,(anonymous_40)
FN:402,(anonymous_41)
FN:411,(anonymous_42)
FN:411,(anonymous_43)
FN:414,(anonymous_44)
FN:425,(anonymous_45)
FN:425,(anonymous_46)
FNF:47
FNH:10
FNDA:8,isClaimOverdue
FNDA:0,(anonymous_1)
FNDA:7,ClaimsPage
FNDA:4,(anonymous_3)
FNDA:0,(anonymous_4)
FNDA:4,(anonymous_5)
FNDA:0,(anonymous_6)
FNDA:0,(anonymous_7)
FNDA:0,(anonymous_8)
FNDA:4,(anonymous_9)
FNDA:4,(anonymous_10)
FNDA:4,(anonymous_11)
FNDA:0,(anonymous_12)
FNDA:0,(anonymous_13)
FNDA:0,(anonymous_14)
FNDA:0,handleNewClaimSubmit
FNDA:0,handleResolutionSubmit
FNDA:0,(anonymous_17)
FNDA:0,(anonymous_18)
FNDA:0,(anonymous_19)
FNDA:0,(anonymous_20)
FNDA:0,(anonymous_21)
FNDA:0,(anonymous_22)
FNDA:1,(anonymous_23)
FNDA:63,(anonymous_24)
FNDA:4,(anonymous_25)
FNDA:0,(anonymous_26)
FNDA:0,(anonymous_27)
FNDA:0,(anonymous_28)
FNDA:0,(anonymous_29)
FNDA:0,(anonymous_30)
FNDA:0,(anonymous_31)
FNDA:0,(anonymous_32)
FNDA:0,(anonymous_33)
FNDA:0,(anonymous_34)
FNDA:0,(anonymous_35)
FNDA:0,(anonymous_36)
FNDA:0,(anonymous_37)
FNDA:0,(anonymous_38)
FNDA:0,(anonymous_39)
FNDA:0,(anonymous_40)
FNDA:0,(anonymous_41)
FNDA:0,(anonymous_42)
FNDA:0,(anonymous_43)
FNDA:0,(anonymous_44)
FNDA:0,(anonymous_45)
FNDA:0,(anonymous_46)
DA:11,1
DA:14,8
DA:15,6
DA:18,1
DA:24,1
DA:33,1
DA:39,7
DA:40,7
DA:41,7
DA:42,7
DA:44,7
DA:46,7
DA:47,7
DA:48,7
DA:51,7
DA:52,7
DA:53,7
DA:54,7
DA:57,7
DA:59,0
DA:60,0
DA:65,7
DA:66,0
DA:70,0
DA:71,0
DA:72,0
DA:87,0
DA:88,0
DA:92,0
DA:93,0
DA:97,0
DA:98,0
DA:99,0
DA:103,7
DA:104,0
DA:105,0
DA:106,0
DA:107,0
DA:108,0
DA:109,0
DA:111,0
DA:116,0
DA:199,0
DA:212,0
DA:228,0
DA:229,0
DA:256,7
DA:264,1
DA:285,63
DA:298,4
DA:299,4
DA:300,4
DA:301,4
DA:305,0
DA:322,0
DA:339,0
DA:343,0
DA:354,0
DA:358,0
DA:359,0
DA:370,0
DA:375,0
DA:385,0
DA:390,0
DA:402,0
DA:411,0
DA:415,0
DA:425,0
LF:68
LH:28
BRDA:14,0,0,2
BRDA:14,0,1,6
BRDA:21,1,0,0
BRDA:21,1,1,0
BRDA:57,2,0,0
BRDA:57,2,1,7
BRDA:65,3,0,0
BRDA:65,3,1,7
BRDA:66,4,0,0
BRDA:66,4,1,0
BRDA:70,5,0,0
BRDA:70,5,1,0
BRDA:70,6,0,0
BRDA:70,6,1,0
BRDA:75,7,0,0
BRDA:75,7,1,0
BRDA:77,8,0,0
BRDA:77,8,1,0
BRDA:92,9,0,0
BRDA:92,9,1,0
BRDA:103,10,0,0
BRDA:103,10,1,7
BRDA:128,11,0,0
BRDA:128,11,1,0
BRDA:139,12,0,0
BRDA:139,12,1,0
BRDA:139,12,2,0
BRDA:158,13,0,0
BRDA:158,13,1,0
BRDA:162,14,0,0
BRDA:162,14,1,0
BRDA:166,15,0,0
BRDA:166,15,1,0
BRDA:170,16,0,0
BRDA:170,16,1,0
BRDA:174,17,0,0
BRDA:174,17,1,0
BRDA:180,18,0,0
BRDA:180,18,1,0
BRDA:190,19,0,0
BRDA:190,19,1,0
BRDA:239,20,0,0
BRDA:239,20,1,0
BRDA:244,21,0,0
BRDA:244,21,1,0
BRDA:292,22,0,5
BRDA:292,22,1,2
BRDA:304,23,0,0
BRDA:304,23,1,4
BRDA:308,24,0,4
BRDA:308,24,1,4
BRDA:309,25,0,4
BRDA:309,25,1,4
BRDA:312,26,0,0
BRDA:312,26,1,4
BRDA:315,27,0,0
BRDA:315,27,1,4
BRDA:318,28,0,4
BRDA:318,28,1,3
BRDA:390,29,0,0
BRDA:390,29,1,0
BRF:61
BRH:16
end_of_record
TN:
SF:src/pages/contracts/ContractDetail.jsx
FN:18,EditContractModal
FN:19,(anonymous_1)
FN:31,(anonymous_2)
FN:31,(anonymous_3)
FN:31,(anonymous_4)
FN:33,(anonymous_5)
FN:67,(anonymous_6)
FN:69,(anonymous_7)
FN:83,(anonymous_8)
FN:119,InfoRow
FN:130,InfoTab
FN:131,(anonymous_11)
FN:132,(anonymous_12)
FN:179,(anonymous_13)
FN:202,AddObligationModal
FN:204,(anonymous_15)
FN:204,(anonymous_16)
FN:204,(anonymous_17)
FN:206,(anonymous_18)
FN:213,(anonymous_19)
FN:268,ObligationsTab
FN:269,(anonymous_21)
FN:280,(anonymous_22)
FN:288,(anonymous_23)
FN:289,(anonymous_24)
FN:292,(anonymous_25)
FN:306,(anonymous_26)
FN:315,(anonymous_27)
FN:322,OrdersTab
FN:323,(anonymous_29)
FN:326,(anonymous_30)
FN:335,(anonymous_31)
FN:340,(anonymous_32)
FN:346,(anonymous_33)
FN:350,(anonymous_34)
FN:353,(anonymous_35)
FN:369,(anonymous_36)
FN:375,VersionsTab
FN:388,(anonymous_38)
FN:423,formatBytes
FN:429,FilesTab
FN:438,(anonymous_41)
FN:449,(anonymous_42)
FN:451,(anonymous_43)
FN:457,(anonymous_44)
FN:460,(anonymous_45)
FN:471,(anonymous_46)
FN:475,(anonymous_47)
FN:475,(anonymous_48)
FN:481,(anonymous_49)
FN:495,(anonymous_50)
FN:502,(anonymous_51)
FN:503,(anonymous_52)
FN:519,(anonymous_53)
FN:526,(anonymous_54)
FN:565,(anonymous_55)
FN:584,(anonymous_56)
FN:591,(anonymous_57)
FN:614,ContractDetail
FN:617,(anonymous_59)
FN:618,(anonymous_60)
FN:619,(anonymous_61)
FN:624,(anonymous_62)
FN:631,(anonymous_63)
FN:644,(anonymous_64)
FN:656,(anonymous_65)
FN:662,(anonymous_66)
FN:672,(anonymous_67)
FN:677,(anonymous_68)
FN:698,(anonymous_69)
FN:700,(anonymous_70)
FNF:71
FNH:0
FNDA:0,EditContractModal
FNDA:0,(anonymous_1)
FNDA:0,(anonymous_2)
FNDA:0,(anonymous_3)
FNDA:0,(anonymous_4)
FNDA:0,(anonymous_5)
FNDA:0,(anonymous_6)
FNDA:0,(anonymous_7)
FNDA:0,(anonymous_8)
FNDA:0,InfoRow
FNDA:0,InfoTab
FNDA:0,(anonymous_11)
FNDA:0,(anonymous_12)
FNDA:0,(anonymous_13)
FNDA:0,AddObligationModal
FNDA:0,(anonymous_15)
FNDA:0,(anonymous_16)
FNDA:0,(anonymous_17)
FNDA:0,(anonymous_18)
FNDA:0,(anonymous_19)
FNDA:0,ObligationsTab
FNDA:0,(anonymous_21)
FNDA:0,(anonymous_22)
FNDA:0,(anonymous_23)
FNDA:0,(anonymous_24)
FNDA:0,(anonymous_25)
FNDA:0,(anonymous_26)
FNDA:0,(anonymous_27)
FNDA:0,OrdersTab
FNDA:0,(anonymous_29)
FNDA:0,(anonymous_30)
FNDA:0,(anonymous_31)
FNDA:0,(anonymous_32)
FNDA:0,(anonymous_33)
FNDA:0,(anonymous_34)
FNDA:0,(anonymous_35)
FNDA:0,(anonymous_36)
FNDA:0,VersionsTab
FNDA:0,(anonymous_38)
FNDA:0,formatBytes
FNDA:0,FilesTab
FNDA:0,(anonymous_41)
FNDA:0,(anonymous_42)
FNDA:0,(anonymous_43)
FNDA:0,(anonymous_44)
FNDA:0,(anonymous_45)
FNDA:0,(anonymous_46)
FNDA:0,(anonymous_47)
FNDA:0,(anonymous_48)
FNDA:0,(anonymous_49)
FNDA:0,(anonymous_50)
FNDA:0,(anonymous_51)
FNDA:0,(anonymous_52)
FNDA:0,(anonymous_53)
FNDA:0,(anonymous_54)
FNDA:0,(anonymous_55)
FNDA:0,(anonymous_56)
FNDA:0,(anonymous_57)
FNDA:0,ContractDetail
FNDA:0,(anonymous_59)
FNDA:0,(anonymous_60)
FNDA:0,(anonymous_61)
FNDA:0,(anonymous_62)
FNDA:0,(anonymous_63)
FNDA:0,(anonymous_64)
FNDA:0,(anonymous_65)
FNDA:0,(anonymous_66)
FNDA:0,(anonymous_67)
FNDA:0,(anonymous_68)
FNDA:0,(anonymous_69)
FNDA:0,(anonymous_70)
DA:19,0
DA:20,0
DA:31,0
DA:33,0
DA:34,0
DA:35,0
DA:44,0
DA:68,0
DA:70,0
DA:84,0
DA:120,0
DA:131,0
DA:132,0
DA:134,0
DA:180,0
DA:200,0
DA:203,0
DA:204,0
DA:206,0
DA:207,0
DA:208,0
DA:209,0
DA:210,0
DA:213,0
DA:214,0
DA:215,0
DA:218,0
DA:269,0
DA:270,0
DA:272,0
DA:274,0
DA:276,0
DA:281,0
DA:288,0
DA:289,0
DA:292,0
DA:293,0
DA:298,0
DA:306,0
DA:315,0
DA:323,0
DA:324,0
DA:326,0
DA:328,0
DA:335,0
DA:341,0
DA:342,0
DA:343,0
DA:346,0
DA:351,0
DA:353,0
DA:361,0
DA:369,0
DA:376,0
DA:378,0
DA:379,0
DA:382,0
DA:389,0
DA:421,0
DA:424,0
DA:425,0
DA:426,0
DA:430,0
DA:431,0
DA:432,0
DA:433,0
DA:434,0
DA:435,0
DA:436,0
DA:438,0
DA:439,0
DA:440,0
DA:441,0
DA:443,0
DA:445,0
DA:449,0
DA:451,0
DA:452,0
DA:453,0
DA:454,0
DA:455,0
DA:456,0
DA:457,0
DA:458,0
DA:460,0
DA:462,0
DA:463,0
DA:465,0
DA:466,0
DA:467,0
DA:471,0
DA:472,0
DA:473,0
DA:474,0
DA:475,0
DA:477,0
DA:481,0
DA:482,0
DA:483,0
DA:484,0
DA:485,0
DA:486,0
DA:487,0
DA:488,0
DA:489,0
DA:491,0
DA:495,0
DA:496,0
DA:497,0
DA:498,0
DA:499,0
DA:502,0
DA:503,0
DA:505,0
DA:506,0
DA:509,0
DA:519,0
DA:526,0
DA:566,0
DA:584,0
DA:591,0
DA:606,0
DA:615,0
DA:616,0
DA:617,0
DA:618,0
DA:619,0
DA:620,0
DA:621,0
DA:623,0
DA:624,0
DA:626,0
DA:627,0
DA:631,0
DA:638,0
DA:644,0
DA:656,0
DA:662,0
DA:673,0
DA:677,0
DA:698,0
DA:701,0
DA:702,0
LF:143
LH:0
BRDA:21,0,0,0
BRDA:21,0,1,0
BRDA:22,1,0,0
BRDA:22,1,1,0
BRDA:23,2,0,0
BRDA:23,2,1,0
BRDA:24,3,0,0
BRDA:24,3,1,0
BRDA:25,4,0,0
BRDA:25,4,1,0
BRDA:26,5,0,0
BRDA:26,5,1,0
BRDA:27,6,0,0
BRDA:27,6,1,0
BRDA:28,7,0,0
BRDA:28,7,1,0
BRDA:29,8,0,0
BRDA:29,8,1,0
BRDA:34,9,0,0
BRDA:34,9,1,0
BRDA:34,10,0,0
BRDA:34,10,1,0
BRDA:38,11,0,0
BRDA:38,11,1,0
BRDA:39,12,0,0
BRDA:39,12,1,0
BRDA:52,13,0,0
BRDA:52,13,1,0
BRDA:123,14,0,0
BRDA:123,14,1,0
BRDA:149,15,0,0
BRDA:149,15,1,0
BRDA:150,16,0,0
BRDA:150,16,1,0
BRDA:160,17,0,0
BRDA:160,17,1,0
BRDA:175,18,0,0
BRDA:175,18,1,0
BRDA:181,19,0,0
BRDA:181,19,1,0
BRDA:186,20,0,0
BRDA:186,20,1,0
BRDA:207,21,0,0
BRDA:207,21,1,0
BRDA:272,22,0,0
BRDA:272,22,1,0
BRDA:283,23,0,0
BRDA:283,23,1,0
BRDA:288,24,0,0
BRDA:288,24,1,0
BRDA:343,25,0,0
BRDA:343,25,1,0
BRDA:343,26,0,0
BRDA:343,26,1,0
BRDA:376,27,0,0
BRDA:376,27,1,0
BRDA:378,28,0,0
BRDA:378,28,1,0
BRDA:392,29,0,0
BRDA:392,29,1,0
BRDA:405,30,0,0
BRDA:405,30,1,0
BRDA:424,31,0,0
BRDA:424,31,1,0
BRDA:425,32,0,0
BRDA:425,32,1,0
BRDA:452,33,0,0
BRDA:452,33,1,0
BRDA:458,34,0,0
BRDA:458,34,1,0
BRDA:462,35,0,0
BRDA:462,35,1,0
BRDA:467,36,0,0
BRDA:467,36,1,0
BRDA:472,37,0,0
BRDA:472,37,1,0
BRDA:499,38,0,0
BRDA:499,38,1,0
BRDA:505,39,0,0
BRDA:505,39,1,0
BRDA:514,40,0,0
BRDA:514,40,1,0
BRDA:519,41,0,0
BRDA:519,41,1,0
BRDA:529,42,0,0
BRDA:529,42,1,0
BRDA:547,43,0,0
BRDA:547,43,1,0
BRDA:555,44,0,0
BRDA:555,44,1,0
BRDA:626,45,0,0
BRDA:626,45,1,0
BRDA:656,46,0,0
BRDA:656,46,1,0
BRDA:685,47,0,0
BRDA:685,47,1,0
BRDA:686,48,0,0
BRDA:686,48,1,0
BRDA:689,49,0,0
BRDA:689,49,1,0
BRDA:690,50,0,0
BRDA:690,50,1,0
BRDA:691,51,0,0
BRDA:691,51,1,0
BRDA:695,52,0,0
BRDA:695,52,1,0
BRF:106
BRH:0
end_of_record
TN:
SF:src/pages/contracts/ContractsList.jsx
FN:19,AddCpFromImportModal
FN:24,(anonymous_1)
FN:31,(anonymous_2)
FN:31,(anonymous_3)
FN:33,(anonymous_4)
FN:41,(anonymous_5)
FN:55,(anonymous_6)
FN:61,(anonymous_7)
FN:102,(anonymous_8)
FN:117,ImportModal
FN:118,(anonymous_10)
FN:119,(anonymous_11)
FN:138,(anonymous_12)
FN:151,(anonymous_13)
FN:153,(anonymous_14)
FN:186,(anonymous_15)
FN:193,(anonymous_16)
FN:200,(anonymous_17)
FN:226,(anonymous_18)
FN:226,(anonymous_19)
FN:226,(anonymous_20)
FN:260,(anonymous_21)
FN:261,(anonymous_22)
FN:263,(anonymous_23)
FN:275,(anonymous_24)
FN:320,(anonymous_25)
FN:338,(anonymous_26)
FN:400,(anonymous_27)
FN:420,NewContractModal
FN:421,(anonymous_29)
FN:422,(anonymous_30)
FN:425,(anonymous_31)
FN:425,(anonymous_32)
FN:425,(anonymous_33)
FN:427,(anonymous_34)
FN:432,(anonymous_35)
FN:477,(anonymous_36)
FN:517,ContractsList
FN:518,(anonymous_38)
FN:519,(anonymous_39)
FN:527,(anonymous_40)
FN:527,(anonymous_41)
FN:529,(anonymous_42)
FN:545,(anonymous_43)
FN:548,(anonymous_44)
FN:552,(anonymous_45)
FN:556,(anonymous_46)
FN:557,(anonymous_47)
FN:561,(anonymous_48)
FN:564,(anonymous_49)
FN:572,(anonymous_50)
FN:582,(anonymous_51)
FN:589,(anonymous_52)
FN:610,(anonymous_53)
FN:613,(anonymous_54)
FN:624,(anonymous_55)
FN:628,(anonymous_56)
FN:629,(anonymous_57)
FNF:58
FNH:0
FNDA:0,AddCpFromImportModal
FNDA:0,(anonymous_1)
FNDA:0,(anonymous_2)
FNDA:0,(anonymous_3)
FNDA:0,(anonymous_4)
FNDA:0,(anonymous_5)
FNDA:0,(anonymous_6)
FNDA:0,(anonymous_7)
FNDA:0,(anonymous_8)
FNDA:0,ImportModal
FNDA:0,(anonymous_10)
FNDA:0,(anonymous_11)
FNDA:0,(anonymous_12)
FNDA:0,(anonymous_13)
FNDA:0,(anonymous_14)
FNDA:0,(anonymous_15)
FNDA:0,(anonymous_16)
FNDA:0,(anonymous_17)
FNDA:0,(anonymous_18)
FNDA:0,(anonymous_19)
FNDA:0,(anonymous_20)
FNDA:0,(anonymous_21)
FNDA:0,(anonymous_22)
FNDA:0,(anonymous_23)
FNDA:0,(anonymous_24)
FNDA:0,(anonymous_25)
FNDA:0,(anonymous_26)
FNDA:0,(anonymous_27)
FNDA:0,NewContractModal
FNDA:0,(anonymous_29)
FNDA:0,(anonymous_30)
FNDA:0,(anonymous_31)
FNDA:0,(anonymous_32)
FNDA:0,(anonymous_33)
FNDA:0,(anonymous_34)
FNDA:0,(anonymous_35)
FNDA:0,(anonymous_36)
FNDA:0,ContractsList
FNDA:0,(anonymous_38)
FNDA:0,(anonymous_39)
FNDA:0,(anonymous_40)
FNDA:0,(anonymous_41)
FNDA:0,(anonymous_42)
FNDA:0,(anonymous_43)
FNDA:0,(anonymous_44)
FNDA:0,(anonymous_45)
FNDA:0,(anonymous_46)
FNDA:0,(anonymous_47)
FNDA:0,(anonymous_48)
FNDA:0,(anonymous_49)
FNDA:0,(anonymous_50)
FNDA:0,(anonymous_51)
FNDA:0,(anonymous_52)
FNDA:0,(anonymous_53)
FNDA:0,(anonymous_54)
FNDA:0,(anonymous_55)
FNDA:0,(anonymous_56)
FNDA:0,(anonymous_57)
DA:17,0
DA:20,0
DA:21,0
DA:22,0
DA:24,0
DA:25,0
DA:26,0
DA:27,0
DA:31,0
DA:33,0
DA:34,0
DA:35,0
DA:36,0
DA:37,0
DA:38,0
DA:41,0
DA:42,0
DA:43,0
DA:44,0
DA:45,0
DA:46,0
DA:47,0
DA:49,0
DA:51,0
DA:55,0
DA:56,0
DA:61,0
DA:69,0
DA:102,0
DA:115,0
DA:118,0
DA:119,0
DA:121,0
DA:122,0
DA:123,0
DA:124,0
DA:125,0
DA:128,0
DA:129,0
DA:130,0
DA:131,0
DA:132,0
DA:134,0
DA:136,0
DA:138,0
DA:139,0
DA:140,0
DA:141,0
DA:142,0
DA:143,0
DA:144,0
DA:145,0
DA:146,0
DA:147,0
DA:148,0
DA:151,0
DA:153,0
DA:154,0
DA:155,0
DA:156,0
DA:157,0
DA:158,0
DA:159,0
DA:160,0
DA:161,0
DA:162,0
DA:171,0
DA:172,0
DA:173,0
DA:174,0
DA:176,0
DA:177,0
DA:179,0
DA:181,0
DA:182,0
DA:186,0
DA:187,0
DA:188,0
DA:189,0
DA:190,0
DA:193,0
DA:194,0
DA:195,0
DA:196,0
DA:197,0
DA:200,0
DA:201,0
DA:202,0
DA:203,0
DA:204,0
DA:218,0
DA:220,0
DA:222,0
DA:226,0
DA:228,0
DA:260,0
DA:261,0
DA:263,0
DA:275,0
DA:320,0
DA:338,0
DA:400,0
DA:409,0
DA:421,0
DA:422,0
DA:423,0
DA:425,0
DA:427,0
DA:428,0
DA:429,0
DA:432,0
DA:433,0
DA:434,0
DA:447,0
DA:450,0
DA:478,0
DA:518,0
DA:519,0
DA:520,0
DA:522,0
DA:523,0
DA:524,0
DA:525,0
DA:527,0
DA:529,0
DA:530,0
DA:532,0
DA:536,0
DA:537,0
DA:540,0
DA:545,0
DA:548,0
DA:553,0
DA:556,0
DA:557,0
DA:562,0
DA:564,0
DA:572,0
DA:574,0
DA:582,0
DA:589,0
DA:610,0
DA:614,0
DA:624,0
DA:628,0
DA:629,0
LF:146
LH:0
BRDA:25,0,0,0
BRDA:25,0,1,0
BRDA:35,1,0,0
BRDA:35,1,1,0
BRDA:36,2,0,0
BRDA:36,2,1,0
BRDA:36,3,0,0
BRDA:36,3,1,0
BRDA:37,4,0,0
BRDA:37,4,1,0
BRDA:37,5,0,0
BRDA:37,5,1,0
BRDA:43,6,0,0
BRDA:43,6,1,0
BRDA:49,7,0,0
BRDA:49,7,1,0
BRDA:55,8,0,0
BRDA:60,9,0,0
BRDA:60,9,1,0
BRDA:63,10,0,0
BRDA:63,10,1,0
BRDA:65,11,0,0
BRDA:65,11,1,0
BRDA:78,12,0,0
BRDA:78,12,1,0
BRDA:154,13,0,0
BRDA:154,13,1,0
BRDA:160,14,0,0
BRDA:160,14,1,0
BRDA:163,15,0,0
BRDA:163,15,1,0
BRDA:164,16,0,0
BRDA:164,16,1,0
BRDA:165,17,0,0
BRDA:165,17,1,0
BRDA:166,18,0,0
BRDA:166,18,1,0
BRDA:167,19,0,0
BRDA:167,19,1,0
BRDA:168,20,0,0
BRDA:168,20,1,0
BRDA:169,21,0,0
BRDA:169,21,1,0
BRDA:171,22,0,0
BRDA:171,22,1,0
BRDA:172,23,0,0
BRDA:172,23,1,0
BRDA:181,24,0,0
BRDA:181,24,1,0
BRDA:190,25,0,0
BRDA:190,25,1,0
BRDA:201,26,0,0
BRDA:201,26,1,0
BRDA:205,27,0,0
BRDA:205,27,1,0
BRDA:207,28,0,0
BRDA:207,28,1,0
BRDA:208,29,0,0
BRDA:208,29,1,0
BRDA:210,30,0,0
BRDA:210,30,1,0
BRDA:211,31,0,0
BRDA:211,31,1,0
BRDA:212,32,0,0
BRDA:212,32,1,0
BRDA:213,33,0,0
BRDA:213,33,1,0
BRDA:216,34,0,0
BRDA:216,34,1,0
BRDA:220,35,0,0
BRDA:220,35,1,0
BRDA:235,36,0,0
BRDA:235,36,1,0
BRDA:241,37,0,0
BRDA:241,37,1,0
BRDA:242,38,0,0
BRDA:242,38,1,0
BRDA:244,39,0,0
BRDA:244,39,1,0
BRDA:251,40,0,0
BRDA:251,40,1,0
BRDA:253,41,0,0
BRDA:253,41,1,0
BRDA:267,42,0,0
BRDA:267,42,1,0
BRDA:277,43,0,0
BRDA:277,43,1,0
BRDA:286,44,0,0
BRDA:286,44,1,0
BRDA:291,45,0,0
BRDA:291,45,1,0
BRDA:300,46,0,0
BRDA:300,46,1,0
BRDA:302,47,0,0
BRDA:302,47,1,0
BRDA:311,48,0,0
BRDA:311,48,1,0
BRDA:311,49,0,0
BRDA:311,49,1,0
BRDA:316,50,0,0
BRDA:316,50,1,0
BRDA:330,51,0,0
BRDA:330,51,1,0
BRDA:386,52,0,0
BRDA:386,52,1,0
BRDA:399,53,0,0
BRDA:399,53,1,0
BRDA:433,54,0,0
BRDA:433,54,1,0
BRDA:433,55,0,0
BRDA:433,55,1,0
BRDA:440,56,0,0
BRDA:440,56,1,0
BRDA:442,57,0,0
BRDA:442,57,1,0
BRDA:443,58,0,0
BRDA:443,58,1,0
BRDA:461,59,0,0
BRDA:461,59,1,0
BRDA:532,60,0,0
BRDA:532,60,1,0
BRDA:532,60,2,0
BRDA:532,60,3,0
BRDA:535,61,0,0
BRDA:535,61,1,0
BRDA:536,62,0,0
BRDA:536,62,1,0
BRDA:537,63,0,0
BRDA:537,63,1,0
BRDA:545,64,0,0
BRDA:545,64,1,0
BRDA:548,65,0,0
BRDA:548,65,1,0
BRDA:553,66,0,0
BRDA:553,66,1,0
BRDA:614,67,0,0
BRDA:614,67,1,0
BRF:137
BRH:0
end_of_record
TN:
SF:src/pages/counterparties/CounterpartiesPage.jsx
FN:24,validate
FN:32,CounterpartyForm
FN:33,(anonymous_2)
FN:39,(anonymous_3)
FN:63,(anonymous_4)
FN:73,CounterpartiesPage
FN:74,(anonymous_6)
FN:75,(anonymous_7)
FN:76,(anonymous_8)
FN:77,(anonymous_9)
FN:86,(anonymous_10)
FN:88,(anonymous_11)
FN:99,handleAdd
FN:114,handleEdit
FN:129,handleDelete
FN:166,(anonymous_15)
FN:210,(anonymous_16)
FN:259,(anonymous_17)
FN:266,(anonymous_18)
FNF:19
FNH:0
FNDA:0,validate
FNDA:0,CounterpartyForm
FNDA:0,(anonymous_2)
FNDA:0,(anonymous_3)
FNDA:0,(anonymous_4)
FNDA:0,CounterpartiesPage
FNDA:0,(anonymous_6)
FNDA:0,(anonymous_7)
FNDA:0,(anonymous_8)
FNDA:0,(anonymous_9)
FNDA:0,(anonymous_10)
FNDA:0,(anonymous_11)
FNDA:0,handleAdd
FNDA:0,handleEdit
FNDA:0,handleDelete
FNDA:0,(anonymous_15)
FNDA:0,(anonymous_16)
FNDA:0,(anonymous_17)
FNDA:0,(anonymous_18)
DA:12,0
DA:13,0
DA:19,0
DA:25,0
DA:26,0
DA:27,0
DA:28,0
DA:29,0
DA:33,0
DA:34,0
DA:39,0
DA:47,0
DA:63,0
DA:74,0
DA:75,0
DA:76,0
DA:77,0
DA:79,0
DA:80,0
DA:82,0
DA:83,0
DA:84,0
DA:86,0
DA:87,0
DA:88,0
DA:89,0
DA:94,0
DA:95,0
DA:100,0
DA:101,0
DA:102,0
DA:103,0
DA:104,0
DA:105,0
DA:106,0
DA:108,0
DA:110,0
DA:115,0
DA:116,0
DA:117,0
DA:118,0
DA:119,0
DA:120,0
DA:121,0
DA:123,0
DA:125,0
DA:130,0
DA:131,0
DA:132,0
DA:133,0
DA:134,0
DA:136,0
DA:138,0
DA:142,0
DA:166,0
DA:211,0
DA:259,0
DA:266,0
LF:58
LH:0
BRDA:26,0,0,0
BRDA:26,0,1,0
BRDA:27,1,0,0
BRDA:27,1,1,0
BRDA:27,2,0,0
BRDA:27,2,1,0
BRDA:28,3,0,0
BRDA:28,3,1,0
BRDA:28,4,0,0
BRDA:28,4,1,0
BRDA:33,5,0,0
BRDA:41,6,0,0
BRDA:41,6,1,0
BRDA:43,7,0,0
BRDA:43,7,1,0
BRDA:89,8,0,0
BRDA:89,8,1,0
BRDA:89,8,2,0
BRDA:89,8,3,0
BRDA:89,8,4,0
BRDA:93,9,0,0
BRDA:93,9,1,0
BRDA:94,10,0,0
BRDA:94,10,1,0
BRDA:95,11,0,0
BRDA:95,11,1,0
BRDA:101,12,0,0
BRDA:101,12,1,0
BRDA:108,13,0,0
BRDA:108,13,1,0
BRDA:116,14,0,0
BRDA:116,14,1,0
BRDA:123,15,0,0
BRDA:123,15,1,0
BRDA:136,16,0,0
BRDA:136,16,1,0
BRDA:179,17,0,0
BRDA:179,17,1,0
BRDA:185,18,0,0
BRDA:185,18,1,0
BRDA:189,19,0,0
BRDA:189,19,1,0
BRDA:189,20,0,0
BRDA:189,20,1,0
BRDA:191,21,0,0
BRDA:191,21,1,0
BRDA:191,21,2,0
BRDA:219,22,0,0
BRDA:219,22,1,0
BRDA:229,23,0,0
BRDA:229,23,1,0
BRDA:230,24,0,0
BRDA:230,24,1,0
BRDA:233,25,0,0
BRDA:233,25,1,0
BRDA:238,26,0,0
BRDA:238,26,1,0
BRDA:243,27,0,0
BRDA:243,27,1,0
BRDA:248,28,0,0
BRDA:248,28,1,0
BRDA:248,28,2,0
BRDA:248,28,3,0
BRDA:251,29,0,0
BRDA:251,29,1,0
BRDA:253,30,0,0
BRDA:253,30,1,0
BRDA:290,31,0,0
BRDA:290,31,1,0
BRDA:296,32,0,0
BRDA:296,32,1,0
BRDA:310,33,0,0
BRDA:310,33,1,0
BRDA:316,34,0,0
BRDA:316,34,1,0
BRF:75
BRH:0
end_of_record
TN:
SF:src/pages/files/FileRepository.jsx
FN:10,formatBytes
FN:17,fileIcon
FN:27,fileTypeBadge
FN:37,FileRepository
FN:39,(anonymous_4)
FN:49,(anonymous_5)
FN:62,(anonymous_6)
FN:64,(anonymous_7)
FN:78,(anonymous_8)
FN:82,(anonymous_9)
FN:82,(anonymous_10)
FN:97,matchesType
FN:107,(anonymous_12)
FN:117,(anonymous_13)
FN:118,(anonymous_14)
FN:167,(anonymous_15)
FN:175,(anonymous_16)
FN:177,(anonymous_17)
FN:213,(anonymous_18)
FN:238,(anonymous_19)
FN:257,(anonymous_20)
FN:264,(anonymous_21)
FN:272,(anonymous_22)
FNF:23
FNH:0
FNDA:0,formatBytes
FNDA:0,fileIcon
FNDA:0,fileTypeBadge
FNDA:0,FileRepository
FNDA:0,(anonymous_4)
FNDA:0,(anonymous_5)
FNDA:0,(anonymous_6)
FNDA:0,(anonymous_7)
FNDA:0,(anonymous_8)
FNDA:0,(anonymous_9)
FNDA:0,(anonymous_10)
FNDA:0,matchesType
FNDA:0,(anonymous_12)
FNDA:0,(anonymous_13)
FNDA:0,(anonymous_14)
FNDA:0,(anonymous_15)
FNDA:0,(anonymous_16)
FNDA:0,(anonymous_17)
FNDA:0,(anonymous_18)
FNDA:0,(anonymous_19)
FNDA:0,(anonymous_20)
FNDA:0,(anonymous_21)
FNDA:0,(anonymous_22)
DA:11,0
DA:12,0
DA:13,0
DA:14,0
DA:18,0
DA:19,0
DA:20,0
DA:21,0
DA:22,0
DA:23,0
DA:24,0
DA:28,0
DA:29,0
DA:30,0
DA:31,0
DA:32,0
DA:33,0
DA:34,0
DA:38,0
DA:39,0
DA:41,0
DA:42,0
DA:43,0
DA:44,0
DA:45,0
DA:47,0
DA:49,0
DA:50,0
DA:51,0
DA:52,0
DA:53,0
DA:54,0
DA:56,0
DA:58,0
DA:62,0
DA:64,0
DA:65,0
DA:66,0
DA:67,0
DA:68,0
DA:69,0
DA:70,0
DA:71,0
DA:72,0
DA:74,0
DA:78,0
DA:79,0
DA:80,0
DA:81,0
DA:82,0
DA:84,0
DA:88,0
DA:98,0
DA:99,0
DA:100,0
DA:101,0
DA:102,0
DA:103,0
DA:104,0
DA:107,0
DA:108,0
DA:109,0
DA:113,0
DA:117,0
DA:118,0
DA:120,0
DA:167,0
DA:175,0
DA:178,0
DA:214,0
DA:215,0
DA:238,0
DA:257,0
DA:264,0
DA:272,0
LF:75
LH:0
BRDA:11,0,0,0
BRDA:11,0,1,0
BRDA:12,1,0,0
BRDA:12,1,1,0
BRDA:13,2,0,0
BRDA:13,2,1,0
BRDA:18,3,0,0
BRDA:18,3,1,0
BRDA:19,4,0,0
BRDA:19,4,1,0
BRDA:20,5,0,0
BRDA:20,5,1,0
BRDA:21,6,0,0
BRDA:21,6,1,0
BRDA:21,7,0,0
BRDA:21,7,1,0
BRDA:22,8,0,0
BRDA:22,8,1,0
BRDA:23,9,0,0
BRDA:23,9,1,0
BRDA:28,10,0,0
BRDA:28,10,1,0
BRDA:29,11,0,0
BRDA:29,11,1,0
BRDA:30,12,0,0
BRDA:30,12,1,0
BRDA:31,13,0,0
BRDA:31,13,1,0
BRDA:31,14,0,0
BRDA:31,14,1,0
BRDA:32,15,0,0
BRDA:32,15,1,0
BRDA:33,16,0,0
BRDA:33,16,1,0
BRDA:47,17,0,0
BRDA:47,17,1,0
BRDA:47,17,2,0
BRDA:79,18,0,0
BRDA:79,18,1,0
BRDA:98,19,0,0
BRDA:98,19,1,0
BRDA:99,20,0,0
BRDA:99,20,1,0
BRDA:100,21,0,0
BRDA:100,21,1,0
BRDA:101,22,0,0
BRDA:101,22,1,0
BRDA:101,23,0,0
BRDA:101,23,1,0
BRDA:102,24,0,0
BRDA:102,24,1,0
BRDA:103,25,0,0
BRDA:103,25,1,0
BRDA:109,26,0,0
BRDA:109,26,1,0
BRDA:109,26,2,0
BRDA:109,26,3,0
BRDA:113,27,0,0
BRDA:113,27,1,0
BRDA:117,28,0,0
BRDA:117,28,1,0
BRDA:138,29,0,0
BRDA:138,29,1,0
BRDA:185,30,0,0
BRDA:185,30,1,0
BRDA:193,31,0,0
BRDA:193,31,1,0
BRDA:198,32,0,0
BRDA:198,32,1,0
BRDA:202,33,0,0
BRDA:202,33,1,0
BRDA:204,34,0,0
BRDA:204,34,1,0
BRDA:241,35,0,0
BRDA:241,35,1,0
BRDA:243,36,0,0
BRDA:243,36,1,0
BRDA:268,37,0,0
BRDA:268,37,1,0
BRF:79
BRH:0
end_of_record
TN:
SF:src/pages/nomenclature/NomenclaturePage.jsx
FN:27,validate
FN:36,NomenclatureForm
FN:37,(anonymous_2)
FN:45,(anonymous_3)
FN:59,(anonymous_4)
FN:60,(anonymous_5)
FN:67,(anonymous_6)
FN:68,(anonymous_7)
FN:76,(anonymous_8)
FN:86,NomenclaturePage
FN:87,(anonymous_10)
FN:88,(anonymous_11)
FN:89,(anonymous_12)
FN:90,(anonymous_13)
FN:91,(anonymous_14)
FN:92,(anonymous_15)
FN:93,(anonymous_16)
FN:106,(anonymous_17)
FN:108,(anonymous_18)
FN:119,(anonymous_19)
FN:121,(anonymous_20)
FN:122,(anonymous_21)
FN:125,handleAdd
FN:132,handleEdit
FN:139,handleDelete
FN:144,handleDiscontinue
FN:218,(anonymous_26)
FN:222,(anonymous_27)
FN:229,(anonymous_28)
FN:272,(anonymous_29)
FN:299,(anonymous_30)
FN:299,(anonymous_31)
FN:314,(anonymous_32)
FN:322,(anonymous_33)
FN:330,(anonymous_34)
FNF:35
FNH:0
FNDA:0,validate
FNDA:0,NomenclatureForm
FNDA:0,(anonymous_2)
FNDA:0,(anonymous_3)
FNDA:0,(anonymous_4)
FNDA:0,(anonymous_5)
FNDA:0,(anonymous_6)
FNDA:0,(anonymous_7)
FNDA:0,(anonymous_8)
FNDA:0,NomenclaturePage
FNDA:0,(anonymous_10)
FNDA:0,(anonymous_11)
FNDA:0,(anonymous_12)
FNDA:0,(anonymous_13)
FNDA:0,(anonymous_14)
FNDA:0,(anonymous_15)
FNDA:0,(anonymous_16)
FNDA:0,(anonymous_17)
FNDA:0,(anonymous_18)
FNDA:0,(anonymous_19)
FNDA:0,(anonymous_20)
FNDA:0,(anonymous_21)
FNDA:0,handleAdd
FNDA:0,handleEdit
FNDA:0,handleDelete
FNDA:0,handleDiscontinue
FNDA:0,(anonymous_26)
FNDA:0,(anonymous_27)
FNDA:0,(anonymous_28)
FNDA:0,(anonymous_29)
FNDA:0,(anonymous_30)
FNDA:0,(anonymous_31)
FNDA:0,(anonymous_32)
FNDA:0,(anonymous_33)
FNDA:0,(anonymous_34)
DA:13,0
DA:18,0
DA:28,0
DA:29,0
DA:30,0
DA:31,0
DA:32,0
DA:33,0
DA:37,0
DA:38,0
DA:45,0
DA:53,0
DA:59,0
DA:60,0
DA:67,0
DA:68,0
DA:76,0
DA:87,0
DA:88,0
DA:89,0
DA:90,0
DA:91,0
DA:92,0
DA:93,0
DA:95,0
DA:97,0
DA:98,0
DA:99,0
DA:101,0
DA:102,0
DA:103,0
DA:104,0
DA:106,0
DA:107,0
DA:108,0
DA:109,0
DA:113,0
DA:114,0
DA:115,0
DA:119,0
DA:121,0
DA:122,0
DA:126,0
DA:127,0
DA:128,0
DA:129,0
DA:133,0
DA:134,0
DA:135,0
DA:136,0
DA:140,0
DA:141,0
DA:145,0
DA:146,0
DA:149,0
DA:218,0
DA:222,0
DA:229,0
DA:273,0
DA:274,0
DA:275,0
DA:299,0
DA:314,0
DA:322,0
DA:330,0
LF:65
LH:0
BRDA:29,0,0,0
BRDA:29,0,1,0
BRDA:30,1,0,0
BRDA:30,1,1,0
BRDA:31,2,0,0
BRDA:31,2,1,0
BRDA:31,3,0,0
BRDA:31,3,1,0
BRDA:31,3,2,0
BRDA:37,4,0,0
BRDA:37,5,0,0
BRDA:40,6,0,0
BRDA:40,6,1,0
BRDA:47,7,0,0
BRDA:47,7,1,0
BRDA:49,8,0,0
BRDA:49,8,1,0
BRDA:109,9,0,0
BRDA:109,9,1,0
BRDA:109,9,2,0
BRDA:109,9,3,0
BRDA:112,10,0,0
BRDA:112,10,1,0
BRDA:113,11,0,0
BRDA:113,11,1,0
BRDA:114,12,0,0
BRDA:114,12,1,0
BRDA:115,13,0,0
BRDA:115,13,1,0
BRDA:115,13,2,0
BRDA:127,14,0,0
BRDA:127,14,1,0
BRDA:134,15,0,0
BRDA:134,15,1,0
BRDA:156,16,0,0
BRDA:156,16,1,0
BRDA:159,17,0,0
BRDA:159,17,1,0
BRDA:168,18,0,0
BRDA:168,18,1,0
BRDA:245,19,0,0
BRDA:245,19,1,0
BRDA:249,20,0,0
BRDA:249,20,1,0
BRDA:249,21,0,0
BRDA:249,21,1,0
BRDA:249,21,2,0
BRDA:251,22,0,0
BRDA:251,22,1,0
BRDA:251,22,2,0
BRDA:251,22,3,0
BRDA:251,22,4,0
BRDA:268,23,0,0
BRDA:268,23,1,0
BRDA:273,24,0,0
BRDA:273,24,1,0
BRDA:276,25,0,0
BRDA:276,25,1,0
BRDA:280,26,0,0
BRDA:280,26,1,0
BRDA:291,27,0,0
BRDA:291,27,1,0
BRDA:295,28,0,0
BRDA:295,28,1,0
BRDA:300,29,0,0
BRDA:300,29,1,0
BRDA:301,30,0,0
BRDA:301,30,1,0
BRDA:302,31,0,0
BRDA:302,31,1,0
BRDA:303,32,0,0
BRDA:303,32,1,0
BRDA:304,33,0,0
BRDA:304,33,1,0
BRDA:305,34,0,0
BRDA:305,34,1,0
BRDA:312,35,0,0
BRDA:312,35,1,0
BRF:78
BRH:0
end_of_record
TN:
SF:src/pages/orders/OrderDetail.jsx
FN:18,SpecificationTab
FN:21,(anonymous_1)
FN:22,(anonymous_2)
FN:24,(anonymous_3)
FN:25,(anonymous_4)
FN:34,(anonymous_5)
FN:39,(anonymous_6)
FN:51,(anonymous_7)
FN:55,(anonymous_8)
FN:61,(anonymous_9)
FN:122,PackingListTab
FN:124,(anonymous_11)
FN:125,(anonymous_12)
FN:133,(anonymous_13)
FN:194,(anonymous_14)
FN:264,ShipmentHistoryTab
FN:265,(anonymous_16)
FN:266,(anonymous_17)
FN:268,(anonymous_18)
FN:284,(anonymous_19)
FN:290,(anonymous_20)
FN:291,(anonymous_21)
FN:300,(anonymous_22)
FN:301,(anonymous_23)
FN:308,(anonymous_24)
FN:309,(anonymous_25)
FN:327,(anonymous_26)
FN:345,OrderDetail
FN:348,(anonymous_28)
FN:349,(anonymous_29)
FN:350,(anonymous_30)
FN:351,(anonymous_31)
FN:358,(anonymous_32)
FN:367,(anonymous_33)
FN:374,(anonymous_34)
FN:375,(anonymous_35)
FN:384,(anonymous_36)
FN:405,(anonymous_37)
FN:445,(anonymous_38)
FN:471,(anonymous_39)
FN:476,(anonymous_40)
FNF:41
FNH:0
FNDA:0,SpecificationTab
FNDA:0,(anonymous_1)
FNDA:0,(anonymous_2)
FNDA:0,(anonymous_3)
FNDA:0,(anonymous_4)
FNDA:0,(anonymous_5)
FNDA:0,(anonymous_6)
FNDA:0,(anonymous_7)
FNDA:0,(anonymous_8)
FNDA:0,(anonymous_9)
FNDA:0,PackingListTab
FNDA:0,(anonymous_11)
FNDA:0,(anonymous_12)
FNDA:0,(anonymous_13)
FNDA:0,(anonymous_14)
FNDA:0,ShipmentHistoryTab
FNDA:0,(anonymous_16)
FNDA:0,(anonymous_17)
FNDA:0,(anonymous_18)
FNDA:0,(anonymous_19)
FNDA:0,(anonymous_20)
FNDA:0,(anonymous_21)
FNDA:0,(anonymous_22)
FNDA:0,(anonymous_23)
FNDA:0,(anonymous_24)
FNDA:0,(anonymous_25)
FNDA:0,(anonymous_26)
FNDA:0,OrderDetail
FNDA:0,(anonymous_28)
FNDA:0,(anonymous_29)
FNDA:0,(anonymous_30)
FNDA:0,(anonymous_31)
FNDA:0,(anonymous_32)
FNDA:0,(anonymous_33)
FNDA:0,(anonymous_34)
FNDA:0,(anonymous_35)
FNDA:0,(anonymous_36)
FNDA:0,(anonymous_37)
FNDA:0,(anonymous_38)
FNDA:0,(anonymous_39)
FNDA:0,(anonymous_40)
DA:19,0
DA:21,0
DA:22,0
DA:23,0
DA:24,0
DA:25,0
DA:27,0
DA:34,0
DA:40,0
DA:41,0
DA:42,0
DA:51,0
DA:55,0
DA:61,0
DA:65,0
DA:123,0
DA:124,0
DA:125,0
DA:127,0
DA:133,0
DA:195,0
DA:258,0
DA:265,0
DA:266,0
DA:268,0
DA:270,0
DA:271,0
DA:279,0
DA:284,0
DA:291,0
DA:292,0
DA:293,0
DA:294,0
DA:301,0
DA:302,0
DA:309,0
DA:310,0
DA:311,0
DA:319,0
DA:327,0
DA:339,0
DA:346,0
DA:347,0
DA:348,0
DA:349,0
DA:350,0
DA:351,0
DA:353,0
DA:355,0
DA:357,0
DA:358,0
DA:360,0
DA:361,0
DA:367,0
DA:374,0
DA:375,0
DA:376,0
DA:378,0
DA:384,0
DA:405,0
DA:446,0
DA:447,0
DA:448,0
DA:449,0
DA:450,0
DA:451,0
DA:472,0
DA:476,0
LF:68
LH:0
BRDA:19,0,0,0
BRDA:19,0,1,0
BRDA:22,1,0,0
BRDA:22,1,1,0
BRDA:25,2,0,0
BRDA:25,2,1,0
BRDA:34,3,0,0
BRDA:34,3,1,0
BRDA:40,4,0,0
BRDA:40,4,1,0
BRDA:40,5,0,0
BRDA:40,5,1,0
BRDA:43,6,0,0
BRDA:43,6,1,0
BRDA:50,7,0,0
BRDA:50,7,1,0
BRDA:76,8,0,0
BRDA:76,8,1,0
BRDA:78,9,0,0
BRDA:78,9,1,0
BRDA:89,10,0,0
BRDA:89,10,1,0
BRDA:93,11,0,0
BRDA:93,11,1,0
BRDA:100,12,0,0
BRDA:100,12,1,0
BRDA:123,13,0,0
BRDA:123,13,1,0
BRDA:148,14,0,0
BRDA:148,14,1,0
BRDA:151,15,0,0
BRDA:151,15,1,0
BRDA:154,16,0,0
BRDA:154,16,1,0
BRDA:178,17,0,0
BRDA:178,17,1,0
BRDA:183,18,0,0
BRDA:183,18,1,0
BRDA:208,19,0,0
BRDA:208,19,1,0
BRDA:213,20,0,0
BRDA:213,20,1,0
BRDA:230,21,0,0
BRDA:230,21,1,0
BRDA:231,22,0,0
BRDA:231,22,1,0
BRDA:270,23,0,0
BRDA:270,23,1,0
BRDA:283,24,0,0
BRDA:283,24,1,0
BRDA:286,25,0,0
BRDA:286,25,1,0
BRDA:292,26,0,0
BRDA:292,26,1,0
BRDA:293,27,0,0
BRDA:293,27,1,0
BRDA:302,28,0,0
BRDA:302,28,1,0
BRDA:310,29,0,0
BRDA:310,29,1,0
BRDA:311,30,0,0
BRDA:311,30,1,0
BRDA:312,31,0,0
BRDA:312,31,1,0
BRDA:323,32,0,0
BRDA:323,32,1,0
BRDA:360,33,0,0
BRDA:360,33,1,0
BRDA:376,34,0,0
BRDA:376,34,1,0
BRDA:397,35,0,0
BRDA:397,35,1,0
BRDA:400,36,0,0
BRDA:400,36,1,0
BRDA:411,37,0,0
BRDA:411,37,1,0
BRDA:421,38,0,0
BRDA:421,38,1,0
BRDA:426,39,0,0
BRDA:426,39,1,0
BRDA:454,40,0,0
BRDA:454,40,1,0
BRDA:455,41,0,0
BRDA:455,41,1,0
BRDA:460,42,0,0
BRDA:460,42,1,0
BRDA:461,43,0,0
BRDA:461,43,1,0
BRDA:461,44,0,0
BRDA:461,44,1,0
BRDA:484,45,0,0
BRDA:484,45,1,0
BRDA:490,46,0,0
BRDA:490,46,1,0
BRDA:498,47,0,0
BRDA:498,47,1,0
BRF:96
BRH:0
end_of_record
TN:
SF:src/pages/orders/OrdersList.jsx
FN:17,completionPct
FN:19,(anonymous_1)
FN:26,(anonymous_2)
FN:28,(anonymous_3)
FN:39,NewOrderModal
FN:40,(anonymous_5)
FN:41,(anonymous_6)
FN:42,(anonymous_7)
FN:43,(anonymous_8)
FN:46,(anonymous_9)
FN:51,(anonymous_10)
FN:51,(anonymous_11)
FN:51,(anonymous_12)
FN:53,(anonymous_13)
FN:55,(anonymous_14)
FN:58,(anonymous_15)
FN:59,(anonymous_16)
FN:59,(anonymous_17)
FN:64,(anonymous_18)
FN:71,(anonymous_19)
FN:71,(anonymous_20)
FN:72,(anonymous_21)
FN:72,(anonymous_22)
FN:72,(anonymous_23)
FN:74,(anonymous_24)
FN:80,(anonymous_25)
FN:83,(anonymous_26)
FN:84,(anonymous_27)
FN:85,(anonymous_28)
FN:99,(anonymous_29)
FN:115,(anonymous_30)
FN:143,(anonymous_31)
FN:195,(anonymous_32)
FN:196,(anonymous_33)
FN:203,(anonymous_34)
FN:206,(anonymous_35)
FN:218,(anonymous_36)
FN:223,(anonymous_37)
FN:262,OrdersList
FN:263,(anonymous_39)
FN:264,(anonymous_40)
FN:265,(anonymous_41)
FN:266,(anonymous_42)
FN:277,(anonymous_43)
FN:281,(anonymous_44)
FN:282,(anonymous_45)
FN:298,(anonymous_46)
FN:299,(anonymous_47)
FN:308,(anonymous_48)
FN:308,(anonymous_49)
FN:313,(anonymous_50)
FN:318,(anonymous_51)
FN:323,(anonymous_52)
FN:329,(anonymous_53)
FN:334,(anonymous_54)
FN:351,(anonymous_55)
FN:376,(anonymous_56)
FN:379,(anonymous_57)
FN:392,(anonymous_58)
FN:395,(anonymous_59)
FN:404,(anonymous_60)
FN:411,(anonymous_61)
FN:415,(anonymous_62)
FNF:63
FNH:0
FNDA:0,completionPct
FNDA:0,(anonymous_1)
FNDA:0,(anonymous_2)
FNDA:0,(anonymous_3)
FNDA:0,NewOrderModal
FNDA:0,(anonymous_5)
FNDA:0,(anonymous_6)
FNDA:0,(anonymous_7)
FNDA:0,(anonymous_8)
FNDA:0,(anonymous_9)
FNDA:0,(anonymous_10)
FNDA:0,(anonymous_11)
FNDA:0,(anonymous_12)
FNDA:0,(anonymous_13)
FNDA:0,(anonymous_14)
FNDA:0,(anonymous_15)
FNDA:0,(anonymous_16)
FNDA:0,(anonymous_17)
FNDA:0,(anonymous_18)
FNDA:0,(anonymous_19)
FNDA:0,(anonymous_20)
FNDA:0,(anonymous_21)
FNDA:0,(anonymous_22)
FNDA:0,(anonymous_23)
FNDA:0,(anonymous_24)
FNDA:0,(anonymous_25)
FNDA:0,(anonymous_26)
FNDA:0,(anonymous_27)
FNDA:0,(anonymous_28)
FNDA:0,(anonymous_29)
FNDA:0,(anonymous_30)
FNDA:0,(anonymous_31)
FNDA:0,(anonymous_32)
FNDA:0,(anonymous_33)
FNDA:0,(anonymous_34)
FNDA:0,(anonymous_35)
FNDA:0,(anonymous_36)
FNDA:0,(anonymous_37)
FNDA:0,OrdersList
FNDA:0,(anonymous_39)
FNDA:0,(anonymous_40)
FNDA:0,(anonymous_41)
FNDA:0,(anonymous_42)
FNDA:0,(anonymous_43)
FNDA:0,(anonymous_44)
FNDA:0,(anonymous_45)
FNDA:0,(anonymous_46)
FNDA:0,(anonymous_47)
FNDA:0,(anonymous_48)
FNDA:0,(anonymous_49)
FNDA:0,(anonymous_50)
FNDA:0,(anonymous_51)
FNDA:0,(anonymous_52)
FNDA:0,(anonymous_53)
FNDA:0,(anonymous_54)
FNDA:0,(anonymous_55)
FNDA:0,(anonymous_56)
FNDA:0,(anonymous_57)
FNDA:0,(anonymous_58)
FNDA:0,(anonymous_59)
FNDA:0,(anonymous_60)
FNDA:0,(anonymous_61)
FNDA:0,(anonymous_62)
DA:18,0
DA:19,0
DA:20,0
DA:25,0
DA:26,0
DA:28,0
DA:32,0
DA:40,0
DA:41,0
DA:42,0
DA:43,0
DA:46,0
DA:48,0
DA:49,0
DA:51,0
DA:53,0
DA:54,0
DA:55,0
DA:58,0
DA:59,0
DA:60,0
DA:61,0
DA:63,0
DA:64,0
DA:65,0
DA:67,0
DA:71,0
DA:72,0
DA:74,0
DA:75,0
DA:76,0
DA:77,0
DA:80,0
DA:81,0
DA:82,0
DA:83,0
DA:85,0
DA:86,0
DA:99,0
DA:100,0
DA:111,0
DA:114,0
DA:115,0
DA:117,0
DA:144,0
DA:196,0
DA:197,0
DA:203,0
DA:207,0
DA:218,0
DA:223,0
DA:259,0
DA:260,0
DA:263,0
DA:264,0
DA:265,0
DA:266,0
DA:267,0
DA:269,0
DA:270,0
DA:272,0
DA:273,0
DA:274,0
DA:275,0
DA:277,0
DA:279,0
DA:281,0
DA:282,0
DA:284,0
DA:288,0
DA:289,0
DA:290,0
DA:293,0
DA:299,0
DA:300,0
DA:308,0
DA:313,0
DA:318,0
DA:323,0
DA:329,0
DA:334,0
DA:338,0
DA:351,0
DA:376,0
DA:380,0
DA:392,0
DA:396,0
DA:404,0
DA:411,0
DA:415,0
LF:90
LH:0
BRDA:18,0,0,0
BRDA:18,0,1,0
BRDA:18,1,0,0
BRDA:18,1,1,0
BRDA:54,2,0,0
BRDA:54,2,1,0
BRDA:60,3,0,0
BRDA:60,3,1,0
BRDA:63,4,0,0
BRDA:63,4,1,0
BRDA:65,5,0,0
BRDA:65,5,1,0
BRDA:81,6,0,0
BRDA:81,6,1,0
BRDA:81,7,0,0
BRDA:81,7,1,0
BRDA:83,8,0,0
BRDA:83,8,1,0
BRDA:85,9,0,0
BRDA:85,9,1,0
BRDA:88,10,0,0
BRDA:88,10,1,0
BRDA:89,11,0,0
BRDA:89,11,1,0
BRDA:90,12,0,0
BRDA:90,12,1,0
BRDA:91,13,0,0
BRDA:91,13,1,0
BRDA:92,14,0,0
BRDA:92,14,1,0
BRDA:94,15,0,0
BRDA:94,15,1,0
BRDA:103,16,0,0
BRDA:103,16,1,0
BRDA:114,17,0,0
BRDA:114,17,1,0
BRDA:114,17,2,0
BRDA:115,18,0,0
BRDA:115,18,1,0
BRDA:155,19,0,0
BRDA:155,19,1,0
BRDA:188,20,0,0
BRDA:188,20,1,0
BRDA:196,21,0,0
BRDA:196,21,1,0
BRDA:229,22,0,0
BRDA:229,22,1,0
BRDA:234,23,0,0
BRDA:234,23,1,0
BRDA:279,24,0,0
BRDA:279,24,1,0
BRDA:279,25,0,0
BRDA:279,25,1,0
BRDA:279,25,2,0
BRDA:284,26,0,0
BRDA:284,26,1,0
BRDA:284,26,2,0
BRDA:284,26,3,0
BRDA:287,27,0,0
BRDA:287,27,1,0
BRDA:288,28,0,0
BRDA:288,28,1,0
BRDA:289,29,0,0
BRDA:289,29,1,0
BRDA:290,30,0,0
BRDA:290,30,1,0
BRDA:290,30,2,0
BRDA:300,31,0,0
BRDA:300,31,1,0
BRDA:308,32,0,0
BRDA:308,32,1,0
BRDA:313,33,0,0
BRDA:313,33,1,0
BRDA:326,34,0,0
BRDA:326,34,1,0
BRDA:344,35,0,0
BRDA:344,35,1,0
BRDA:348,36,0,0
BRDA:348,36,1,0
BRDA:370,37,0,0
BRDA:370,37,1,0
BRDA:380,38,0,0
BRDA:380,38,1,0
BRDA:396,39,0,0
BRDA:396,39,1,0
BRDA:404,40,0,0
BRDA:404,40,1,0
BRDA:404,41,0,0
BRDA:404,41,1,0
BRDA:415,42,0,0
BRDA:415,42,1,0
BRF:91
BRH:0
end_of_record
TN:
SF:src/pages/payments/AddPaymentModal.jsx
FN:5,AddPaymentModal
FN:9,(anonymous_1)
FN:19,(anonymous_2)
FN:56,(anonymous_3)
FN:56,(anonymous_4)
FN:56,(anonymous_5)
FN:66,(anonymous_6)
FN:66,(anonymous_7)
FN:66,(anonymous_8)
FN:75,(anonymous_9)
FN:75,(anonymous_10)
FNF:11
FNH:0
FNDA:0,AddPaymentModal
FNDA:0,(anonymous_1)
FNDA:0,(anonymous_2)
FNDA:0,(anonymous_3)
FNDA:0,(anonymous_4)
FNDA:0,(anonymous_5)
FNDA:0,(anonymous_6)
FNDA:0,(anonymous_7)
FNDA:0,(anonymous_8)
FNDA:0,(anonymous_9)
FNDA:0,(anonymous_10)
DA:6,0
DA:7,0
DA:9,0
DA:10,0
DA:11,0
DA:12,0
DA:13,0
DA:17,0
DA:19,0
DA:20,0
DA:21,0
DA:22,0
DA:23,0
DA:24,0
DA:25,0
DA:26,0
DA:27,0
DA:30,0
DA:56,0
DA:66,0
DA:75,0
LF:21
LH:0
BRDA:10,0,0,0
BRDA:10,0,1,0
BRDA:10,1,0,0
BRDA:10,1,1,0
BRDA:12,2,0,0
BRDA:12,2,1,0
BRDA:17,3,0,0
BRDA:17,3,1,0
BRDA:22,4,0,0
BRDA:22,4,1,0
BRDA:22,5,0,0
BRDA:22,5,1,0
BRDA:23,6,0,0
BRDA:23,6,1,0
BRDA:24,7,0,0
BRDA:24,7,1,0
BRDA:25,8,0,0
BRDA:25,8,1,0
BRDA:42,9,0,0
BRDA:42,9,1,0
BRDA:48,10,0,0
BRDA:48,10,1,0
BRDA:54,11,0,0
BRDA:54,11,1,0
BRDA:58,12,0,0
BRDA:58,12,1,0
BRDA:64,13,0,0
BRDA:64,13,1,0
BRDA:68,14,0,0
BRDA:68,14,1,0
BRF:30
BRH:0
end_of_record
TN:
SF:src/pages/payments/CreateInvoiceModal.jsx
FN:5,CreateInvoiceModal
FN:10,(anonymous_1)
FN:13,(anonymous_2)
FN:20,(anonymous_3)
FN:28,(anonymous_4)
FN:30,(anonymous_5)
FN:31,(anonymous_6)
FN:34,(anonymous_7)
FN:77,(anonymous_8)
FN:77,(anonymous_9)
FN:77,(anonymous_10)
FN:99,(anonymous_11)
FN:99,(anonymous_12)
FN:107,(anonymous_13)
FN:107,(anonymous_14)
FNF:15
FNH:0
FNDA:0,CreateInvoiceModal
FNDA:0,(anonymous_1)
FNDA:0,(anonymous_2)
FNDA:0,(anonymous_3)
FNDA:0,(anonymous_4)
FNDA:0,(anonymous_5)
FNDA:0,(anonymous_6)
FNDA:0,(anonymous_7)
FNDA:0,(anonymous_8)
FNDA:0,(anonymous_9)
FNDA:0,(anonymous_10)
FNDA:0,(anonymous_11)
FNDA:0,(anonymous_12)
FNDA:0,(anonymous_13)
FNDA:0,(anonymous_14)
DA:6,0
DA:7,0
DA:8,0
DA:10,0
DA:11,0
DA:13,0
DA:14,0
DA:15,0
DA:16,0
DA:17,0
DA:20,0
DA:21,0
DA:22,0
DA:23,0
DA:28,0
DA:29,0
DA:30,0
DA:31,0
DA:34,0
DA:35,0
DA:36,0
DA:37,0
DA:38,0
DA:39,0
DA:47,0
DA:50,0
DA:77,0
DA:99,0
DA:107,0
LF:29
LH:0
BRDA:10,0,0,0
BRDA:10,0,1,0
BRDA:10,1,0,0
BRDA:10,1,1,0
BRDA:11,2,0,0
BRDA:11,2,1,0
BRDA:11,2,2,0
BRDA:14,3,0,0
BRDA:14,3,1,0
BRDA:21,4,0,0
BRDA:21,4,1,0
BRDA:21,5,0,0
BRDA:21,5,1,0
BRDA:36,6,0,0
BRDA:36,6,1,0
BRDA:37,7,0,0
BRDA:37,7,1,0
BRDA:38,8,0,0
BRDA:38,8,1,0
BRDA:43,9,0,0
BRDA:43,9,1,0
BRDA:44,10,0,0
BRDA:44,10,1,0
BRDA:44,10,2,0
BRDA:62,11,0,0
BRDA:62,11,1,0
BRDA:66,12,0,0
BRDA:66,12,1,0
BRDA:66,12,2,0
BRDA:67,13,0,0
BRDA:67,13,1,0
BRDA:74,14,0,0
BRDA:74,14,1,0
BRDA:79,15,0,0
BRDA:79,15,1,0
BRDA:85,16,0,0
BRDA:85,16,1,0
BRDA:89,17,0,0
BRDA:89,17,1,0
BRDA:94,18,0,0
BRDA:94,18,1,0
BRF:41
BRH:0
end_of_record
TN:
SF:src/pages/payments/InvoiceBadge.jsx
FN:17,InvoiceBadge
FNF:1
FNH:0
FNDA:0,InvoiceBadge
DA:1,0
DA:9,0
DA:18,0
DA:19,0
LF:4
LH:0
BRDA:18,0,0,0
BRDA:18,0,1,0
BRDA:20,1,0,0
BRDA:20,1,1,0
BRDA:21,2,0,0
BRDA:21,2,1,0
BRF:6
BRH:0
end_of_record
TN:
SF:src/pages/payments/OrderRow.jsx
FN:7,OrderRow
FN:52,(anonymous_1)
FN:72,(anonymous_2)
FN:75,(anonymous_3)
FN:81,(anonymous_4)
FN:114,(anonymous_5)
FN:130,(anonymous_6)
FN:153,(anonymous_7)
FNF:8
FNH:0
FNDA:0,OrderRow
FNDA:0,(anonymous_1)
FNDA:0,(anonymous_2)
FNDA:0,(anonymous_3)
FNDA:0,(anonymous_4)
FNDA:0,(anonymous_5)
FNDA:0,(anonymous_6)
FNDA:0,(anonymous_7)
DA:8,0
DA:9,0
DA:10,0
DA:12,0
DA:52,0
DA:72,0
DA:75,0
DA:81,0
DA:115,0
DA:130,0
DA:154,0
LF:11
LH:0
BRDA:7,0,0,0
BRDA:8,1,0,0
BRDA:8,1,1,0
BRDA:15,2,0,0
BRDA:15,2,1,0
BRDA:15,3,0,0
BRDA:15,3,1,0
BRDA:15,4,0,0
BRDA:15,4,1,0
BRDA:20,5,0,0
BRDA:20,5,1,0
BRDA:20,6,0,0
BRDA:20,6,1,0
BRDA:21,7,0,0
BRDA:21,7,1,0
BRDA:35,8,0,0
BRDA:35,8,1,0
BRDA:35,8,2,0
BRDA:39,9,0,0
BRDA:39,9,1,0
BRDA:43,10,0,0
BRDA:43,10,1,0
BRDA:54,11,0,0
BRDA:54,11,1,0
BRDA:60,12,0,0
BRDA:60,12,1,0
BRDA:63,13,0,0
BRDA:63,13,1,0
BRDA:63,14,0,0
BRDA:63,14,1,0
BRDA:69,15,0,0
BRDA:69,15,1,0
BRDA:73,16,0,0
BRDA:73,16,1,0
BRDA:73,16,2,0
BRDA:90,17,0,0
BRDA:90,17,1,0
BRDA:90,17,2,0
BRDA:94,18,0,0
BRDA:94,18,1,0
BRDA:101,19,0,0
BRDA:101,19,1,0
BRDA:102,20,0,0
BRDA:102,20,1,0
BRDA:103,21,0,0
BRDA:103,21,1,0
BRDA:105,22,0,0
BRDA:105,22,1,0
BRDA:114,23,0,0
BRDA:114,23,1,0
BRDA:121,24,0,0
BRDA:121,24,1,0
BRDA:144,25,0,0
BRDA:144,25,1,0
BRDA:144,25,2,0
BRDA:160,26,0,0
BRDA:160,26,1,0
BRDA:161,27,0,0
BRDA:161,27,1,0
BRDA:165,28,0,0
BRDA:165,28,1,0
BRF:61
BRH:0
end_of_record
TN:
SF:src/pages/payments/PaymentsPage.jsx
FN:17,PaymentsPage
FN:27,(anonymous_1)
FN:28,(anonymous_2)
FN:30,(anonymous_3)
FN:31,(anonymous_4)
FN:34,(anonymous_5)
FN:34,(anonymous_6)
FN:35,(anonymous_7)
FN:35,(anonymous_8)
FN:37,(anonymous_9)
FN:44,(anonymous_10)
FN:45,(anonymous_11)
FN:46,(anonymous_12)
FN:47,(anonymous_13)
FN:48,(anonymous_14)
FN:51,(anonymous_15)
FN:56,(anonymous_16)
FN:59,(anonymous_17)
FN:61,(anonymous_18)
FN:62,(anonymous_19)
FN:64,(anonymous_20)
FN:65,(anonymous_21)
FN:66,(anonymous_22)
FN:67,(anonymous_23)
FN:70,(anonymous_24)
FN:71,(anonymous_25)
FN:72,(anonymous_26)
FN:75,(anonymous_27)
FN:77,(anonymous_28)
FN:77,(anonymous_29)
FN:77,(anonymous_30)
FN:86,handleDeletePayment
FN:91,handleDeactivateInvoice
FN:120,(anonymous_33)
FN:124,(anonymous_34)
FN:136,(anonymous_35)
FN:140,(anonymous_36)
FN:174,(anonymous_37)
FN:178,(anonymous_38)
FN:210,(anonymous_39)
FN:218,(anonymous_40)
FN:225,(anonymous_41)
FN:226,(anonymous_42)
FN:227,(anonymous_43)
FN:254,(anonymous_44)
FN:264,(anonymous_45)
FN:266,(anonymous_46)
FN:267,(anonymous_47)
FN:275,(anonymous_48)
FN:311,(anonymous_49)
FN:339,(anonymous_50)
FN:341,(anonymous_51)
FN:371,(anonymous_52)
FN:387,(anonymous_53)
FN:416,(anonymous_54)
FN:426,(anonymous_55)
FN:427,(anonymous_56)
FN:428,(anonymous_57)
FN:463,(anonymous_58)
FN:469,(anonymous_59)
FN:487,(anonymous_60)
FN:494,(anonymous_61)
FNF:62
FNH:0
FNDA:0,PaymentsPage
FNDA:0,(anonymous_1)
FNDA:0,(anonymous_2)
FNDA:0,(anonymous_3)
FNDA:0,(anonymous_4)
FNDA:0,(anonymous_5)
FNDA:0,(anonymous_6)
FNDA:0,(anonymous_7)
FNDA:0,(anonymous_8)
FNDA:0,(anonymous_9)
FNDA:0,(anonymous_10)
FNDA:0,(anonymous_11)
FNDA:0,(anonymous_12)
FNDA:0,(anonymous_13)
FNDA:0,(anonymous_14)
FNDA:0,(anonymous_15)
FNDA:0,(anonymous_16)
FNDA:0,(anonymous_17)
FNDA:0,(anonymous_18)
FNDA:0,(anonymous_19)
FNDA:0,(anonymous_20)
FNDA:0,(anonymous_21)
FNDA:0,(anonymous_22)
FNDA:0,(anonymous_23)
FNDA:0,(anonymous_24)
FNDA:0,(anonymous_25)
FNDA:0,(anonymous_26)
FNDA:0,(anonymous_27)
FNDA:0,(anonymous_28)
FNDA:0,(anonymous_29)
FNDA:0,(anonymous_30)
FNDA:0,handleDeletePayment
FNDA:0,handleDeactivateInvoice
FNDA:0,(anonymous_33)
FNDA:0,(anonymous_34)
FNDA:0,(anonymous_35)
FNDA:0,(anonymous_36)
FNDA:0,(anonymous_37)
FNDA:0,(anonymous_38)
FNDA:0,(anonymous_39)
FNDA:0,(anonymous_40)
FNDA:0,(anonymous_41)
FNDA:0,(anonymous_42)
FNDA:0,(anonymous_43)
FNDA:0,(anonymous_44)
FNDA:0,(anonymous_45)
FNDA:0,(anonymous_46)
FNDA:0,(anonymous_47)
FNDA:0,(anonymous_48)
FNDA:0,(anonymous_49)
FNDA:0,(anonymous_50)
FNDA:0,(anonymous_51)
FNDA:0,(anonymous_52)
FNDA:0,(anonymous_53)
FNDA:0,(anonymous_54)
FNDA:0,(anonymous_55)
FNDA:0,(anonymous_56)
FNDA:0,(anonymous_57)
FNDA:0,(anonymous_58)
FNDA:0,(anonymous_59)
FNDA:0,(anonymous_60)
FNDA:0,(anonymous_61)
DA:18,0
DA:19,0
DA:20,0
DA:21,0
DA:22,0
DA:23,0
DA:25,0
DA:27,0
DA:28,0
DA:30,0
DA:31,0
DA:34,0
DA:35,0
DA:37,0
DA:38,0
DA:39,0
DA:40,0
DA:43,0
DA:44,0
DA:45,0
DA:46,0
DA:47,0
DA:48,0
DA:49,0
DA:50,0
DA:51,0
DA:52,0
DA:53,0
DA:54,0
DA:56,0
DA:58,0
DA:60,0
DA:61,0
DA:63,0
DA:64,0
DA:65,0
DA:66,0
DA:67,0
DA:68,0
DA:70,0
DA:71,0
DA:72,0
DA:73,0
DA:75,0
DA:77,0
DA:78,0
DA:79,0
DA:80,0
DA:82,0
DA:83,0
DA:84,0
DA:87,0
DA:88,0
DA:92,0
DA:93,0
DA:94,0
DA:96,0
DA:100,0
DA:121,0
DA:124,0
DA:137,0
DA:140,0
DA:175,0
DA:178,0
DA:211,0
DA:219,0
DA:225,0
DA:226,0
DA:227,0
DA:255,0
DA:265,0
DA:266,0
DA:267,0
DA:268,0
DA:269,0
DA:270,0
DA:271,0
DA:275,0
DA:311,0
DA:339,0
DA:341,0
DA:372,0
DA:387,0
DA:417,0
DA:427,0
DA:428,0
DA:429,0
DA:430,0
DA:431,0
DA:432,0
DA:463,0
DA:469,0
DA:487,0
DA:494,0
LF:94
LH:0
BRDA:28,0,0,0
BRDA:28,0,1,0
BRDA:31,1,0,0
BRDA:31,1,1,0
BRDA:34,2,0,0
BRDA:34,2,1,0
BRDA:35,3,0,0
BRDA:35,3,1,0
BRDA:38,4,0,0
BRDA:38,4,1,0
BRDA:52,5,0,0
BRDA:52,5,1,0
BRDA:54,6,0,0
BRDA:54,6,1,0
BRDA:65,7,0,0
BRDA:65,7,1,0
BRDA:66,8,0,0
BRDA:66,8,1,0
BRDA:67,9,0,0
BRDA:67,9,1,0
BRDA:79,10,0,0
BRDA:79,10,1,0
BRDA:87,11,0,0
BRDA:87,11,1,0
BRDA:92,12,0,0
BRDA:92,12,1,0
BRDA:96,13,0,0
BRDA:96,13,1,0
BRDA:111,14,0,0
BRDA:111,14,1,0
BRDA:115,15,0,0
BRDA:115,15,1,0
BRDA:123,16,0,0
BRDA:123,16,1,0
BRDA:132,17,0,0
BRDA:132,17,1,0
BRDA:134,18,0,0
BRDA:134,18,1,0
BRDA:146,19,0,0
BRDA:146,19,1,0
BRDA:152,20,0,0
BRDA:152,20,1,0
BRDA:157,21,0,0
BRDA:157,21,1,0
BRDA:162,22,0,0
BRDA:162,22,1,0
BRDA:167,23,0,0
BRDA:167,23,1,0
BRDA:172,24,0,0
BRDA:172,24,1,0
BRDA:190,25,0,0
BRDA:190,25,1,0
BRDA:197,26,0,0
BRDA:197,26,1,0
BRDA:202,27,0,0
BRDA:202,27,1,0
BRDA:204,28,0,0
BRDA:204,28,1,0
BRDA:225,29,0,0
BRDA:225,29,1,0
BRDA:225,29,2,0
BRDA:248,30,0,0
BRDA:248,30,1,0
BRDA:262,31,0,0
BRDA:262,31,1,0
BRDA:268,32,0,0
BRDA:268,32,1,0
BRDA:274,33,0,0
BRDA:274,33,1,0
BRDA:274,34,0,0
BRDA:274,34,1,0
BRDA:274,35,0,0
BRDA:274,35,1,0
BRDA:275,36,0,0
BRDA:275,36,1,0
BRDA:279,37,0,0
BRDA:279,37,1,0
BRDA:280,38,0,0
BRDA:280,38,1,0
BRDA:290,39,0,0
BRDA:290,39,1,0
BRDA:292,40,0,0
BRDA:292,40,1,0
BRDA:301,41,0,0
BRDA:301,41,1,0
BRDA:301,41,2,0
BRDA:304,42,0,0
BRDA:304,42,1,0
BRDA:317,43,0,0
BRDA:317,43,1,0
BRDA:322,44,0,0
BRDA:322,44,1,0
BRDA:323,45,0,0
BRDA:323,45,1,0
BRDA:324,46,0,0
BRDA:324,46,1,0
BRDA:329,47,0,0
BRDA:329,47,1,0
BRDA:330,48,0,0
[...]
FNDA:0,(anonymous_5)
FNDA:0,(anonymous_6)
FNDA:0,(anonymous_7)
FNDA:0,(anonymous_8)
FNDA:0,(anonymous_9)
FNDA:0,(anonymous_10)
FNDA:0,(anonymous_11)
FNDA:0,(anonymous_12)
FNDA:0,(anonymous_13)
FNDA:0,(anonymous_14)
FNDA:0,(anonymous_15)
FNDA:0,(anonymous_16)
FNDA:0,(anonymous_17)
FNDA:0,(anonymous_18)
FNDA:0,(anonymous_19)
FNDA:0,(anonymous_20)
FNDA:0,(anonymous_21)
FNDA:0,(anonymous_22)
FNDA:0,(anonymous_23)
FNDA:0,(anonymous_24)
FNDA:0,(anonymous_25)
FNDA:0,(anonymous_26)
FNDA:0,(anonymous_27)
FNDA:0,(anonymous_28)
FNDA:0,(anonymous_29)
FNDA:0,(anonymous_30)
FNDA:0,(anonymous_31)
FNDA:0,(anonymous_32)
FNDA:0,(anonymous_33)
FNDA:0,(anonymous_34)
FNDA:0,(anonymous_35)
FNDA:0,(anonymous_36)
DA:16,0
DA:17,0
DA:21,0
DA:22,0
DA:23,0
DA:24,0
DA:26,0
DA:27,0
DA:28,0
DA:29,0
DA:31,0
DA:32,0
DA:35,0
DA:38,0
DA:39,0
DA:42,0
DA:43,0
DA:44,0
DA:45,0
DA:46,0
DA:48,0
DA:49,0
DA:52,0
DA:53,0
DA:54,0
DA:55,0
DA:56,0
DA:58,0
DA:61,0
DA:65,0
DA:66,0
DA:80,0
DA:81,0
DA:82,0
DA:83,0
DA:84,0
DA:85,0
DA:87,0
DA:91,0
DA:92,0
DA:93,0
DA:98,0
DA:99,0
DA:102,0
DA:106,0
DA:124,0
DA:129,0
DA:140,0
DA:153,0
DA:158,0
DA:172,0
DA:195,0
DA:219,0
DA:262,0
DA:296,0
DA:307,0
LF:56
LH:0
BRDA:16,0,0,0
BRDA:16,0,1,0
BRDA:16,1,0,0
BRDA:16,1,1,0
BRDA:27,2,0,0
BRDA:27,2,1,0
BRDA:45,3,0,0
BRDA:45,3,1,0
BRDA:61,4,0,0
BRDA:61,4,1,0
BRDA:64,5,0,0
BRDA:64,5,1,0
BRDA:66,6,0,0
BRDA:66,6,1,0
BRDA:70,7,0,0
BRDA:70,7,1,0
BRDA:71,8,0,0
BRDA:71,8,1,0
BRDA:72,9,0,0
BRDA:72,9,1,0
BRDA:72,9,2,0
BRDA:73,10,0,0
BRDA:73,10,1,0
BRDA:82,11,0,0
BRDA:82,11,1,0
BRDA:93,12,0,0
BRDA:93,12,1,0
BRDA:102,13,0,0
BRDA:102,13,1,0
BRDA:112,14,0,0
BRDA:112,14,1,0
BRDA:119,15,0,0
BRDA:119,15,1,0
BRDA:126,16,0,0
BRDA:126,16,1,0
BRDA:137,17,0,0
BRDA:137,17,1,0
BRDA:146,18,0,0
BRDA:146,18,1,0
BRDA:147,19,0,0
BRDA:147,19,1,0
BRDA:156,20,0,0
BRDA:156,20,1,0
BRDA:165,21,0,0
BRDA:165,21,1,0
BRDA:175,22,0,0
BRDA:175,22,1,0
BRDA:175,23,0,0
BRDA:175,23,1,0
BRDA:186,24,0,0
BRDA:186,24,1,0
BRDA:195,25,0,0
BRDA:195,25,1,0
BRDA:195,26,0,0
BRDA:195,26,1,0
BRDA:196,27,0,0
BRDA:196,27,1,0
BRDA:199,28,0,0
BRDA:199,28,1,0
BRDA:201,29,0,0
BRDA:201,29,1,0
BRDA:211,30,0,0
BRDA:211,30,1,0
BRDA:213,31,0,0
BRDA:213,31,1,0
BRDA:213,32,0,0
BRDA:213,32,1,0
BRDA:213,32,2,0
BRDA:218,33,0,0
BRDA:218,33,1,0
BRDA:223,34,0,0
BRDA:223,34,1,0
BRDA:227,35,0,0
BRDA:227,35,1,0
BRDA:229,36,0,0
BRDA:229,36,1,0
BRDA:231,37,0,0
BRDA:231,37,1,0
BRDA:235,38,0,0
BRDA:235,38,1,0
BRDA:248,39,0,0
BRDA:248,39,1,0
BRDA:250,40,0,0
BRDA:250,40,1,0
BRDA:251,41,0,0
BRDA:251,41,1,0
BRDA:257,42,0,0
BRDA:257,42,1,0
BRDA:259,43,0,0
BRDA:259,43,1,0
BRDA:282,44,0,0
BRDA:282,44,1,0
BRF:92
BRH:0
end_of_record
TN:
SF:src/pages/shipments/WaybillModal.jsx
FN:5,WaybillModal
FN:15,(anonymous_1)
FN:51,(anonymous_2)
FN:76,(anonymous_3)
FNF:4
FNH:0
FNDA:0,WaybillModal
FNDA:0,(anonymous_1)
FNDA:0,(anonymous_2)
FNDA:0,(anonymous_3)
DA:6,0
DA:8,0
DA:10,0
DA:15,0
DA:52,0
DA:77,0
LF:6
LH:0
BRDA:8,0,0,0
BRDA:8,0,1,0
BRDA:34,1,0,0
BRDA:34,1,1,0
BRDA:38,2,0,0
BRDA:38,2,1,0
BRDA:40,3,0,0
BRDA:40,3,1,0
BRDA:51,4,0,0
BRDA:51,4,1,0
BRDA:67,5,0,0
BRDA:67,5,1,0
BRDA:71,6,0,0
BRDA:71,6,1,0
BRDA:73,7,0,0
BRDA:73,7,1,0
BRDA:73,7,2,0
BRDA:94,8,0,0
BRDA:94,8,1,0
BRF:19
BRH:0
end_of_record
TN:
SF:src/pages/waybills/WaybillsPage.jsx
FN:19,RouteStatusBadge
FN:25,vehicleDisplay
FN:32,WaybillDetailModal
FN:39,(anonymous_3)
FN:74,(anonymous_4)
FN:94,(anonymous_5)
FN:119,DriverModal
FN:125,(anonymous_7)
FN:131,(anonymous_8)
FN:131,(anonymous_9)
FN:131,(anonymous_10)
FN:188,WaybillsPage
FN:189,(anonymous_12)
FN:190,(anonymous_13)
FN:206,(anonymous_14)
FN:207,(anonymous_15)
FN:212,(anonymous_16)
FN:212,(anonymous_17)
FN:218,(anonymous_18)
FN:220,(anonymous_19)
FN:221,(anonymous_20)
FN:222,(anonymous_21)
FN:223,(anonymous_22)
FN:226,(anonymous_23)
FN:230,(anonymous_24)
FN:233,(anonymous_25)
FN:237,(anonymous_26)
FN:250,(anonymous_27)
FN:261,(anonymous_28)
FN:264,(anonymous_29)
FN:265,(anonymous_30)
FN:283,(anonymous_31)
FN:286,(anonymous_32)
FN:308,(anonymous_33)
FN:316,(anonymous_34)
FN:319,(anonymous_35)
FN:330,(anonymous_36)
FN:333,(anonymous_37)
FN:345,(anonymous_38)
FN:352,(anonymous_39)
FN:374,(anonymous_40)
FN:388,(anonymous_41)
FN:405,(anonymous_42)
FN:423,(anonymous_43)
FN:442,(anonymous_44)
FN:452,(anonymous_45)
FN:466,(anonymous_46)
FN:479,(anonymous_47)
FN:495,(anonymous_48)
FN:501,(anonymous_49)
FNF:50
FNH:0
FNDA:0,RouteStatusBadge
FNDA:0,vehicleDisplay
FNDA:0,WaybillDetailModal
FNDA:0,(anonymous_3)
FNDA:0,(anonymous_4)
FNDA:0,(anonymous_5)
FNDA:0,DriverModal
FNDA:0,(anonymous_7)
FNDA:0,(anonymous_8)
FNDA:0,(anonymous_9)
FNDA:0,(anonymous_10)
FNDA:0,WaybillsPage
FNDA:0,(anonymous_12)
FNDA:0,(anonymous_13)
FNDA:0,(anonymous_14)
FNDA:0,(anonymous_15)
FNDA:0,(anonymous_16)
FNDA:0,(anonymous_17)
FNDA:0,(anonymous_18)
FNDA:0,(anonymous_19)
FNDA:0,(anonymous_20)
FNDA:0,(anonymous_21)
FNDA:0,(anonymous_22)
FNDA:0,(anonymous_23)
FNDA:0,(anonymous_24)
FNDA:0,(anonymous_25)
FNDA:0,(anonymous_26)
FNDA:0,(anonymous_27)
FNDA:0,(anonymous_28)
FNDA:0,(anonymous_29)
FNDA:0,(anonymous_30)
FNDA:0,(anonymous_31)
FNDA:0,(anonymous_32)
FNDA:0,(anonymous_33)
FNDA:0,(anonymous_34)
FNDA:0,(anonymous_35)
FNDA:0,(anonymous_36)
FNDA:0,(anonymous_37)
FNDA:0,(anonymous_38)
FNDA:0,(anonymous_39)
FNDA:0,(anonymous_40)
FNDA:0,(anonymous_41)
FNDA:0,(anonymous_42)
FNDA:0,(anonymous_43)
FNDA:0,(anonymous_44)
FNDA:0,(anonymous_45)
FNDA:0,(anonymous_46)
FNDA:0,(anonymous_47)
FNDA:0,(anonymous_48)
FNDA:0,(anonymous_49)
DA:10,0
DA:20,0
DA:21,0
DA:26,0
DA:27,0
DA:28,0
DA:33,0
DA:34,0
DA:39,0
DA:75,0
DA:95,0
DA:120,0
DA:125,0
DA:126,0
DA:127,0
DA:128,0
DA:131,0
DA:133,0
DA:189,0
DA:190,0
DA:191,0
DA:193,0
DA:196,0
DA:197,0
DA:198,0
DA:199,0
DA:200,0
DA:203,0
DA:204,0
DA:206,0
DA:207,0
DA:212,0
DA:218,0
DA:219,0
DA:220,0
DA:221,0
DA:222,0
DA:223,0
DA:224,0
DA:225,0
DA:226,0
DA:227,0
DA:230,0
DA:233,0
DA:237,0
DA:238,0
DA:239,0
DA:240,0
DA:242,0
DA:247,0
DA:250,0
DA:251,0
DA:252,0
DA:253,0
DA:254,0
DA:255,0
DA:258,0
DA:261,0
DA:262,0
DA:263,0
DA:264,0
DA:265,0
DA:268,0
DA:273,0
DA:284,0
DA:286,0
DA:308,0
DA:316,0
DA:320,0
DA:330,0
DA:334,0
DA:345,0
DA:352,0
DA:375,0
DA:389,0
DA:406,0
DA:423,0
DA:442,0
DA:453,0
DA:467,0
DA:479,0
DA:495,0
DA:501,0
LF:83
LH:0
BRDA:20,0,0,0
BRDA:20,0,1,0
BRDA:20,1,0,0
BRDA:20,1,1,0
BRDA:26,2,0,0
BRDA:26,2,1,0
BRDA:28,3,0,0
BRDA:28,3,1,0
BRDA:33,4,0,0
BRDA:33,4,1,0
BRDA:56,5,0,0
BRDA:56,5,1,0
BRDA:57,6,0,0
BRDA:57,6,1,0
BRDA:58,7,0,0
BRDA:58,7,1,0
BRDA:61,8,0,0
BRDA:61,8,1,0
BRDA:65,9,0,0
BRDA:65,9,1,0
BRDA:74,10,0,0
BRDA:74,10,1,0
BRDA:86,11,0,0
BRDA:86,11,1,0
BRDA:90,12,0,0
BRDA:90,12,1,0
BRDA:92,13,0,0
BRDA:92,13,1,0
BRDA:75,14,0,0
BRDA:75,14,1,0
BRDA:110,15,0,0
BRDA:110,15,1,0
BRDA:120,16,0,0
BRDA:120,16,1,0
BRDA:127,17,0,0
BRDA:127,17,1,0
BRDA:134,18,0,0
BRDA:134,18,1,0
BRDA:189,19,0,0
BRDA:189,19,1,0
BRDA:190,20,0,0
BRDA:190,20,1,0
BRDA:214,21,0,0
BRDA:214,21,1,0
BRDA:214,21,2,0
BRDA:220,22,0,0
BRDA:220,22,1,0
BRDA:220,23,0,0
BRDA:220,23,1,0
BRDA:221,24,0,0
BRDA:221,24,1,0
BRDA:222,25,0,0
BRDA:222,25,1,0
BRDA:223,26,0,0
BRDA:223,26,1,0
BRDA:224,27,0,0
BRDA:224,27,1,0
BRDA:227,28,0,0
BRDA:227,28,1,0
BRDA:227,28,2,0
BRDA:227,28,3,0
BRDA:230,29,0,0
BRDA:230,29,1,0
BRDA:233,30,0,0
BRDA:233,30,1,0
BRDA:233,31,0,0
BRDA:233,31,1,0
BRDA:239,32,0,0
BRDA:239,32,1,0
BRDA:239,33,0,0
BRDA:239,33,1,0
BRDA:258,34,0,0
BRDA:258,34,1,0
BRDA:258,34,2,0
BRDA:258,34,3,0
BRDA:258,34,4,0
BRDA:265,35,0,0
BRDA:265,35,1,0
BRDA:265,35,2,0
BRDA:265,35,3,0
BRDA:288,36,0,0
BRDA:288,36,1,0
BRDA:297,37,0,0
BRDA:297,37,1,0
BRDA:358,38,0,0
BRDA:358,38,1,0
BRDA:380,39,0,0
BRDA:380,39,1,0
BRDA:391,40,0,0
BRDA:391,40,1,0
BRDA:394,41,0,0
BRDA:394,41,1,0
BRDA:395,42,0,0
BRDA:395,42,1,0
BRDA:401,43,0,0
BRDA:401,43,1,0
BRDA:401,44,0,0
BRDA:401,44,1,0
BRDA:405,45,0,0
BRDA:405,45,1,0
BRDA:408,46,0,0
BRDA:408,46,1,0
BRDA:410,47,0,0
BRDA:410,47,1,0
BRDA:411,48,0,0
BRDA:411,48,1,0
BRDA:412,49,0,0
BRDA:412,49,1,0
BRDA:439,50,0,0
BRDA:439,50,1,0
BRDA:458,51,0,0
BRDA:458,51,1,0
BRDA:469,52,0,0
BRDA:469,52,1,0
BRDA:470,53,0,0
BRDA:470,53,1,0
BRDA:471,54,0,0
BRDA:471,54,1,0
BRDA:473,55,0,0
BRDA:473,55,1,0
BRDA:475,56,0,0
BRDA:475,56,1,0
BRDA:497,57,0,0
BRDA:497,57,1,0
BRDA:499,58,0,0
BRDA:499,58,1,0
BRF:126
BRH:0
end_of_record
TN:
SF:src/services/api.js
FN:9,(anonymous_0)
FN:18,setApiAuthToken
FN:28,(anonymous_2)
FN:29,(anonymous_3)
FN:30,(anonymous_4)
FN:31,(anonymous_5)
FN:32,(anonymous_6)
FN:33,(anonymous_7)
FN:39,(anonymous_8)
FN:40,(anonymous_9)
FN:41,(anonymous_10)
FN:49,(anonymous_11)
FN:51,(anonymous_12)
FN:56,(anonymous_13)
FN:57,(anonymous_14)
FN:58,(anonymous_15)
FN:59,(anonymous_16)
FN:60,(anonymous_17)
FN:65,(anonymous_18)
FN:66,(anonymous_19)
FN:67,(anonymous_20)
FN:68,(anonymous_21)
FN:69,(anonymous_22)
FN:70,(anonymous_23)
FN:71,(anonymous_24)
FN:76,(anonymous_25)
FN:77,(anonymous_26)
FN:78,(anonymous_27)
FN:83,(anonymous_28)
FN:84,(anonymous_29)
FN:85,(anonymous_30)
FN:86,(anonymous_31)
FN:87,(anonymous_32)
FN:92,(anonymous_33)
FN:93,(anonymous_34)
FN:94,(anonymous_35)
FN:99,(anonymous_36)
FN:100,(anonymous_37)
FN:101,(anonymous_38)
FN:106,(anonymous_39)
FN:107,(anonymous_40)
FN:108,(anonymous_41)
FN:109,(anonymous_42)
FN:114,(anonymous_43)
FN:115,(anonymous_44)
FN:116,(anonymous_45)
FN:117,(anonymous_46)
FN:118,(anonymous_47)
FN:119,(anonymous_48)
FN:124,(anonymous_49)
FN:125,(anonymous_50)
FN:126,(anonymous_51)
FN:127,(anonymous_52)
FN:128,(anonymous_53)
FN:133,(anonymous_54)
FN:134,(anonymous_55)
FN:135,(anonymous_56)
FN:136,(anonymous_57)
FN:138,(anonymous_58)
FN:139,(anonymous_59)
FN:140,(anonymous_60)
FN:145,(anonymous_61)
FN:146,(anonymous_62)
FN:147,(anonymous_63)
FN:152,(anonymous_64)
FN:153,(anonymous_65)
FN:154,(anonymous_66)
FN:159,(anonymous_67)
FN:164,(anonymous_68)
FN:165,(anonymous_69)
FN:166,(anonymous_70)
FN:167,(anonymous_71)
FN:168,(anonymous_72)
FN:173,(anonymous_73)
FN:174,(anonymous_74)
FN:179,(anonymous_75)
FN:180,(anonymous_76)
FN:181,(anonymous_77)
FN:182,(anonymous_78)
FN:183,(anonymous_79)
FN:184,(anonymous_80)
FN:185,(anonymous_81)
FN:186,(anonymous_82)
FN:187,(anonymous_83)
FNF:84
FNH:46
FNDA:0,(anonymous_0)
FNDA:2,setApiAuthToken
FNDA:1,(anonymous_2)
FNDA:1,(anonymous_3)
FNDA:1,(anonymous_4)
FNDA:1,(anonymous_5)
FNDA:1,(anonymous_6)
FNDA:0,(anonymous_7)
FNDA:1,(anonymous_8)
FNDA:1,(anonymous_9)
FNDA:0,(anonymous_10)
FNDA:0,(anonymous_11)
FNDA:0,(anonymous_12)
FNDA:1,(anonymous_13)
FNDA:1,(anonymous_14)
FNDA:1,(anonymous_15)
FNDA:1,(anonymous_16)
FNDA:1,(anonymous_17)
FNDA:1,(anonymous_18)
FNDA:0,(anonymous_19)
FNDA:1,(anonymous_20)
FNDA:0,(anonymous_21)
FNDA:1,(anonymous_22)
FNDA:0,(anonymous_23)
FNDA:1,(anonymous_24)
FNDA:1,(anonymous_25)
FNDA:0,(anonymous_26)
FNDA:1,(anonymous_27)
FNDA:1,(anonymous_28)
FNDA:0,(anonymous_29)
FNDA:0,(anonymous_30)
FNDA:0,(anonymous_31)
FNDA:1,(anonymous_32)
FNDA:1,(anonymous_33)
FNDA:1,(anonymous_34)
FNDA:0,(anonymous_35)
FNDA:2,(anonymous_36)
FNDA:0,(anonymous_37)
FNDA:0,(anonymous_38)
FNDA:1,(anonymous_39)
FNDA:0,(anonymous_40)
FNDA:1,(anonymous_41)
FNDA:0,(anonymous_42)
FNDA:1,(anonymous_43)
FNDA:0,(anonymous_44)
FNDA:0,(anonymous_45)
FNDA:0,(anonymous_46)
FNDA:0,(anonymous_47)
FNDA:1,(anonymous_48)
FNDA:1,(anonymous_49)
FNDA:0,(anonymous_50)
FNDA:0,(anonymous_51)
FNDA:0,(anonymous_52)
FNDA:1,(anonymous_53)
FNDA:1,(anonymous_54)
FNDA:1,(anonymous_55)
FNDA:0,(anonymous_56)
FNDA:0,(anonymous_57)
FNDA:0,(anonymous_58)
FNDA:1,(anonymous_59)
FNDA:0,(anonymous_60)
FNDA:1,(anonymous_61)
FNDA:0,(anonymous_62)
FNDA:1,(anonymous_63)
FNDA:2,(anonymous_64)
FNDA:1,(anonymous_65)
FNDA:0,(anonymous_66)
FNDA:2,(anonymous_67)
FNDA:1,(anonymous_68)
FNDA:0,(anonymous_69)
FNDA:0,(anonymous_70)
FNDA:0,(anonymous_71)
FNDA:1,(anonymous_72)
FNDA:1,(anonymous_73)
FNDA:1,(anonymous_74)
FNDA:1,(anonymous_75)
FNDA:0,(anonymous_76)
FNDA:0,(anonymous_77)
FNDA:0,(anonymous_78)
FNDA:0,(anonymous_79)
FNDA:0,(anonymous_80)
FNDA:1,(anonymous_81)
FNDA:1,(anonymous_82)
FNDA:1,(anonymous_83)
DA:3,6
DA:9,6
DA:10,0
DA:11,0
DA:12,0
DA:14,0
DA:19,2
DA:20,1
DA:22,1
DA:27,6
DA:28,1
DA:29,1
DA:30,1
DA:31,1
DA:32,1
DA:34,0
DA:35,0
DA:36,0
DA:39,1
DA:40,1
DA:42,0
DA:43,0
DA:44,0
DA:50,0
DA:51,0
DA:55,6
DA:56,1
DA:57,1
DA:58,1
DA:59,1
DA:60,1
DA:64,6
DA:65,1
DA:66,0
DA:67,1
DA:68,0
DA:69,1
DA:70,0
DA:71,1
DA:75,6
DA:76,1
DA:77,0
DA:78,1
DA:82,6
DA:83,1
DA:84,0
DA:85,0
DA:86,0
DA:87,1
DA:91,6
DA:92,1
DA:93,1
DA:94,0
DA:98,6
DA:99,2
DA:100,0
DA:101,0
DA:105,6
DA:106,1
DA:107,0
DA:108,1
DA:109,0
DA:113,6
DA:114,1
DA:115,0
DA:116,0
DA:117,0
DA:118,0
DA:119,1
DA:123,6
DA:124,1
DA:125,0
DA:126,0
DA:127,0
DA:128,1
DA:132,6
DA:133,1
DA:134,1
DA:135,0
DA:136,0
DA:138,0
DA:139,1
DA:140,0
DA:144,6
DA:145,1
DA:146,0
DA:147,1
DA:151,6
DA:152,2
DA:153,1
DA:154,0
DA:158,6
DA:159,2
DA:163,6
DA:164,1
DA:165,0
DA:166,0
DA:167,0
DA:168,1
DA:172,6
DA:173,1
DA:174,1
DA:178,6
DA:179,1
DA:180,0
DA:181,0
DA:182,0
DA:183,0
DA:184,0
DA:185,1
DA:186,1
DA:187,1
LF:112
LH:67
BRDA:10,0,0,0
BRDA:10,0,1,0
BRDA:10,1,0,0
BRDA:10,1,1,0
BRDA:19,2,0,1
BRDA:19,2,1,1
BRDA:99,3,0,1
BRDA:99,3,1,1
BRDA:152,4,0,1
BRDA:152,4,1,1
BRDA:159,5,0,2
BRDA:159,6,0,2
BRF:12
BRH:8
end_of_record
TN:
SF:src/store/appStore.js
FN:9,(anonymous_0)
FN:12,(anonymous_1)
FN:13,(anonymous_2)
FN:35,(anonymous_3)
FN:89,(anonymous_4)
FN:91,(anonymous_5)
FN:92,(anonymous_6)
FN:95,(anonymous_7)
FN:97,(anonymous_8)
FN:98,(anonymous_9)
FN:103,(anonymous_10)
FN:105,(anonymous_11)
FN:108,(anonymous_12)
FN:110,(anonymous_13)
FN:110,(anonymous_14)
FN:115,(anonymous_15)
FN:117,(anonymous_16)
FN:120,(anonymous_17)
FN:122,(anonymous_18)
FN:122,(anonymous_19)
FN:127,(anonymous_20)
FN:129,(anonymous_21)
FN:134,(anonymous_22)
FN:136,(anonymous_23)
FN:136,(anonymous_24)
FN:144,(anonymous_25)
FN:146,(anonymous_26)
FN:149,(anonymous_27)
FN:151,(anonymous_28)
FN:151,(anonymous_29)
FN:156,(anonymous_30)
FN:161,(anonymous_31)
FN:163,(anonymous_32)
FN:168,(anonymous_33)
FN:170,(anonymous_34)
FN:173,(anonymous_35)
FN:175,(anonymous_36)
FN:175,(anonymous_37)
FN:178,(anonymous_38)
FN:181,(anonymous_39)
FN:181,(anonymous_40)
FN:188,(anonymous_41)
FN:190,(anonymous_42)
FN:190,(anonymous_43)
FN:196,(anonymous_44)
FN:198,(anonymous_45)
FN:198,(anonymous_46)
FN:205,(anonymous_47)
FN:207,(anonymous_48)
FN:210,(anonymous_49)
FN:212,(anonymous_50)
FN:212,(anonymous_51)
FN:217,(anonymous_52)
FN:219,(anonymous_53)
FN:219,(anonymous_54)
FN:222,(anonymous_55)
FN:228,(anonymous_56)
FN:234,(anonymous_57)
FN:236,(anonymous_58)
FN:236,(anonymous_59)
FN:241,(anonymous_60)
FN:243,(anonymous_61)
FN:248,(anonymous_62)
FN:250,(anonymous_63)
FN:253,(anonymous_64)
FN:255,(anonymous_65)
FN:255,(anonymous_66)
FN:258,(anonymous_67)
FN:260,(anonymous_68)
FN:260,(anonymous_69)
FN:264,(anonymous_70)
FN:266,(anonymous_71)
FN:269,(anonymous_72)
FN:271,(anonymous_73)
FN:271,(anonymous_74)
FN:274,(anonymous_75)
FN:276,(anonymous_76)
FN:276,(anonymous_77)
FN:280,(anonymous_78)
FN:283,(anonymous_79)
FN:284,(anonymous_80)
FN:287,(anonymous_81)
FN:288,(anonymous_82)
FN:289,(anonymous_83)
FN:291,(anonymous_84)
FN:293,(anonymous_85)
FN:294,(anonymous_86)
FN:294,(anonymous_87)
FN:295,(anonymous_88)
FN:297,(anonymous_89)
FN:298,(anonymous_90)
FN:299,(anonymous_91)
FN:301,(anonymous_92)
FN:303,(anonymous_93)
FN:304,(anonymous_94)
FN:305,(anonymous_95)
FN:307,(anonymous_96)
FNF:97
FNH:85
FNDA:6,(anonymous_0)
FNDA:1,(anonymous_1)
FNDA:1,(anonymous_2)
FNDA:3,(anonymous_3)
FNDA:1,(anonymous_4)
FNDA:1,(anonymous_5)
FNDA:2,(anonymous_6)
FNDA:1,(anonymous_7)
FNDA:1,(anonymous_8)
FNDA:2,(anonymous_9)
FNDA:1,(anonymous_10)
FNDA:1,(anonymous_11)
FNDA:1,(anonymous_12)
FNDA:1,(anonymous_13)
FNDA:2,(anonymous_14)
FNDA:1,(anonymous_15)
FNDA:1,(anonymous_16)
FNDA:1,(anonymous_17)
FNDA:1,(anonymous_18)
FNDA:1,(anonymous_19)
FNDA:1,(anonymous_20)
FNDA:1,(anonymous_21)
FNDA:1,(anonymous_22)
FNDA:1,(anonymous_23)
FNDA:1,(anonymous_24)
FNDA:1,(anonymous_25)
FNDA:1,(anonymous_26)
FNDA:1,(anonymous_27)
FNDA:1,(anonymous_28)
FNDA:1,(anonymous_29)
FNDA:0,(anonymous_30)
FNDA:0,(anonymous_31)
FNDA:0,(anonymous_32)
FNDA:1,(anonymous_33)
FNDA:1,(anonymous_34)
FNDA:1,(anonymous_35)
FNDA:1,(anonymous_36)
FNDA:1,(anonymous_37)
FNDA:1,(anonymous_38)
FNDA:1,(anonymous_39)
FNDA:1,(anonymous_40)
FNDA:0,(anonymous_41)
FNDA:0,(anonymous_42)
FNDA:0,(anonymous_43)
FNDA:1,(anonymous_44)
FNDA:1,(anonymous_45)
FNDA:1,(anonymous_46)
FNDA:1,(anonymous_47)
FNDA:1,(anonymous_48)
FNDA:1,(anonymous_49)
FNDA:1,(anonymous_50)
FNDA:1,(anonymous_51)
FNDA:1,(anonymous_52)
FNDA:1,(anonymous_53)
FNDA:1,(anonymous_54)
FNDA:1,(anonymous_55)
FNDA:0,(anonymous_56)
FNDA:1,(anonymous_57)
FNDA:1,(anonymous_58)
FNDA:1,(anonymous_59)
FNDA:1,(anonymous_60)
FNDA:1,(anonymous_61)
FNDA:1,(anonymous_62)
FNDA:1,(anonymous_63)
FNDA:1,(anonymous_64)
FNDA:1,(anonymous_65)
FNDA:1,(anonymous_66)
FNDA:1,(anonymous_67)
FNDA:1,(anonymous_68)
FNDA:2,(anonymous_69)
FNDA:1,(anonymous_70)
FNDA:1,(anonymous_71)
FNDA:1,(anonymous_72)
FNDA:1,(anonymous_73)
FNDA:1,(anonymous_74)
FNDA:1,(anonymous_75)
FNDA:1,(anonymous_76)
FNDA:1,(anonymous_77)
FNDA:4,(anonymous_78)
FNDA:4,(anonymous_79)
FNDA:0,(anonymous_80)
FNDA:1,(anonymous_81)
FNDA:1,(anonymous_82)
FNDA:22,(anonymous_83)
FNDA:0,(anonymous_84)
FNDA:1,(anonymous_85)
FNDA:1,(anonymous_86)
FNDA:23,(anonymous_87)
FNDA:0,(anonymous_88)
FNDA:1,(anonymous_89)
FNDA:1,(anonymous_90)
FNDA:22,(anonymous_91)
FNDA:0,(anonymous_92)
FNDA:1,(anonymous_93)
FNDA:1,(anonymous_94)
FNDA:22,(anonymous_95)
FNDA:0,(anonymous_96)
DA:9,6
DA:12,1
DA:13,1
DA:36,3
DA:37,2
DA:38,2
DA:39,2
DA:51,1
DA:52,1
DA:54,1
DA:55,1
DA:57,1
DA:58,1
DA:60,1
DA:61,1
DA:63,1
DA:64,1
DA:66,1
DA:84,1
DA:90,1
DA:91,1
DA:92,2
DA:96,1
DA:97,1
DA:98,2
DA:104,1
DA:105,1
DA:106,1
DA:109,1
DA:110,2
DA:111,1
DA:116,1
DA:117,1
DA:118,1
DA:121,1
DA:122,1
DA:123,1
DA:128,1
DA:129,1
DA:130,1
DA:131,1
DA:132,1
DA:135,1
DA:136,1
DA:138,1
DA:139,1
DA:140,1
DA:145,1
DA:146,1
DA:147,1
DA:150,1
DA:151,1
DA:152,1
DA:157,0
DA:158,0
DA:159,0
DA:162,0
DA:163,0
DA:164,0
DA:169,1
DA:170,1
DA:171,1
DA:174,1
DA:175,1
DA:176,1
DA:179,1
DA:181,1
DA:183,1
DA:184,1
DA:185,1
DA:186,1
DA:189,0
DA:190,0
DA:191,0
DA:192,0
DA:193,0
DA:194,0
DA:197,1
DA:198,1
DA:199,1
DA:206,1
DA:207,1
DA:208,1
DA:211,1
DA:212,1
DA:213,1
DA:218,1
DA:219,1
DA:220,1
DA:223,1
DA:225,1
DA:226,1
DA:229,0
DA:231,0
DA:232,0
DA:235,1
DA:236,1
DA:237,1
DA:242,1
DA:243,1
DA:244,1
DA:249,1
DA:250,1
DA:251,1
DA:254,1
DA:255,1
DA:256,1
DA:259,1
DA:260,2
DA:265,1
DA:266,1
DA:267,1
DA:270,1
DA:271,1
DA:272,1
DA:275,1
DA:276,1
DA:281,4
DA:282,4
DA:283,4
DA:284,4
DA:285,4
DA:288,1
DA:289,22
DA:291,1
DA:294,23
DA:295,1
DA:298,1
DA:299,22
DA:301,1
DA:304,1
DA:305,22
DA:307,1
LF:133
LH:118
BRDA:36,0,0,1
BRDA:36,0,1,2
BRDA:92,1,0,1
BRDA:92,1,1,1
BRDA:110,2,0,1
BRDA:110,2,1,1
BRDA:122,3,0,1
BRDA:122,3,1,0
BRDA:136,4,0,1
BRDA:136,4,1,0
BRDA:151,5,0,1
BRDA:151,5,1,0
BRDA:175,6,0,1
BRDA:175,6,1,0
BRDA:181,7,0,1
BRDA:181,7,1,0
BRDA:190,8,0,0
BRDA:190,8,1,0
BRDA:198,9,0,1
BRDA:198,9,1,0
BRDA:212,10,0,1
BRDA:212,10,1,0
BRDA:219,11,0,1
BRDA:219,11,1,0
BRDA:236,12,0,1
BRDA:236,12,1,0
BRDA:255,13,0,1
BRDA:255,13,1,0
BRDA:271,14,0,1
BRDA:271,14,1,0
BRDA:276,15,0,1
BRDA:276,15,1,0
BRDA:289,16,0,1
BRDA:289,16,1,21
BRDA:299,17,0,1
BRDA:299,17,1,21
BRDA:305,18,0,1
BRDA:305,18,1,21
BRF:38
BRH:24
end_of_record
TN:
SF:src/utils/date.js
FN:4,daysDiff
FN:9,addDays
FNF:2
FNH:2
FNDA:4,daysDiff
FNDA:6,addDays
DA:1,1
DA:5,4
DA:10,6
DA:11,6
DA:12,6
LF:5
LH:5
BRF:0
BRH:0
end_of_record
TN:
SF:src/utils/export.js
FN:1,rowsToCSV
FN:4,(anonymous_1)
FN:12,(anonymous_2)
FN:12,(anonymous_3)
FN:16,downloadCSV
FN:28,downloadJSON
FNF:6
FNH:6
FNDA:9,rowsToCSV
FNDA:21,(anonymous_1)
FNDA:10,(anonymous_2)
FNDA:11,(anonymous_3)
FNDA:11,downloadCSV
FNDA:4,downloadJSON
DA:2,9
DA:3,9
DA:4,9
DA:5,21
DA:6,21
DA:10,9
DA:12,11
DA:17,11
DA:18,9
DA:19,9
DA:20,9
DA:21,9
DA:22,9
DA:23,9
DA:24,9
DA:25,9
DA:29,4
DA:30,4
DA:31,4
DA:32,4
DA:33,4
DA:34,4
DA:35,4
DA:36,4
LF:24
LH:24
BRDA:2,0,0,0
BRDA:2,0,1,9
BRDA:2,1,0,9
BRDA:2,1,1,9
BRDA:5,2,0,21
BRDA:5,2,1,0
BRDA:6,3,0,2
BRDA:6,3,1,19
BRDA:6,4,0,21
BRDA:6,4,1,20
BRDA:6,4,2,19
BRDA:17,5,0,2
BRDA:17,5,1,9
BRDA:17,6,0,11
BRDA:17,6,1,10
BRF:15
BRH:13
end_of_record
